2019-11-20 16:52:02,489 ERROR 18845 [-/127.0.0.1/-/5ms GET /drink/start] nodejs.ReferenceError: ctx is not defined
    at DrinkController.start (/home/apple/projects/frontend/eggdemo/app/controller/drink.js:5:20)
    at Object.callFn (/home/apple/projects/frontend/eggdemo/node_modules/egg-core/lib/utils/index.js:44:21)
    at Object.classControllerMiddleware (/home/apple/projects/frontend/eggdemo/node_modules/egg-core/lib/loader/mixin/controller.js:87:20)
    at Object.callFn (/home/apple/projects/frontend/eggdemo/node_modules/@eggjs/router/lib/utils.js:12:21)
    at wrappedController (/home/apple/projects/frontend/eggdemo/node_modules/@eggjs/router/lib/egg_router.js:322:18)
    at dispatch (/home/apple/projects/frontend/eggdemo/node_modules/koa-compose/index.js:44:32)
    at next (/home/apple/projects/frontend/eggdemo/node_modules/koa-compose/index.js:45:18)
    at /home/apple/projects/frontend/eggdemo/node_modules/@eggjs/router/lib/router.js:190:18
    at dispatch (/home/apple/projects/frontend/eggdemo/node_modules/koa-compose/index.js:44:32)
    at /home/apple/projects/frontend/eggdemo/node_modules/koa-compose/index.js:36:12

pid: 18845
hostname: apple

2019-11-20 17:06:37,170 ERROR 19743 [-/::1/-/1ms GET /drink/start] nodejs.ReferenceError: ctx is not defined
    at DrinkController.start (/home/apple/projects/frontend/eggdemo/app/controller/drink.js:6:5)
    at Object.callFn (/home/apple/projects/frontend/eggdemo/node_modules/egg-core/lib/utils/index.js:44:21)
    at Object.classControllerMiddleware (/home/apple/projects/frontend/eggdemo/node_modules/egg-core/lib/loader/mixin/controller.js:87:20)
    at Object.callFn (/home/apple/projects/frontend/eggdemo/node_modules/@eggjs/router/lib/utils.js:12:21)
    at wrappedController (/home/apple/projects/frontend/eggdemo/node_modules/@eggjs/router/lib/egg_router.js:322:18)
    at dispatch (/home/apple/projects/frontend/eggdemo/node_modules/koa-compose/index.js:44:32)
    at next (/home/apple/projects/frontend/eggdemo/node_modules/koa-compose/index.js:45:18)
    at /home/apple/projects/frontend/eggdemo/node_modules/@eggjs/router/lib/router.js:190:18
    at dispatch (/home/apple/projects/frontend/eggdemo/node_modules/koa-compose/index.js:44:32)
    at /home/apple/projects/frontend/eggdemo/node_modules/koa-compose/index.js:36:12

pid: 19743
hostname: apple

2019-11-20 17:06:51,162 ERROR 19743 [-/::1/-/1ms GET /drink/start] nodejs.ReferenceError: ctx is not defined
    at DrinkController.start (/home/apple/projects/frontend/eggdemo/app/controller/drink.js:6:5)
    at Object.callFn (/home/apple/projects/frontend/eggdemo/node_modules/egg-core/lib/utils/index.js:44:21)
    at Object.classControllerMiddleware (/home/apple/projects/frontend/eggdemo/node_modules/egg-core/lib/loader/mixin/controller.js:87:20)
    at Object.callFn (/home/apple/projects/frontend/eggdemo/node_modules/@eggjs/router/lib/utils.js:12:21)
    at wrappedController (/home/apple/projects/frontend/eggdemo/node_modules/@eggjs/router/lib/egg_router.js:322:18)
    at dispatch (/home/apple/projects/frontend/eggdemo/node_modules/koa-compose/index.js:44:32)
    at next (/home/apple/projects/frontend/eggdemo/node_modules/koa-compose/index.js:45:18)
    at /home/apple/projects/frontend/eggdemo/node_modules/@eggjs/router/lib/router.js:190:18
    at dispatch (/home/apple/projects/frontend/eggdemo/node_modules/koa-compose/index.js:44:32)
    at /home/apple/projects/frontend/eggdemo/node_modules/koa-compose/index.js:36:12

pid: 19743
hostname: apple

2019-11-20 17:07:23,691 INFO 19835 [-/::1/-/15ms GET /drink/start] undefined
2019-11-20 17:07:23,820 INFO 19835 [-/::1/-/1ms GET /drink/start] undefined
2019-11-20 17:10:28,098 INFO 19835 [-/::1/-/1ms GET /drink/start?openid=acb] acb
2019-11-20 17:10:28,158 INFO 19835 [-/::1/-/0ms GET /drink/start?openid=acb] acb
2019-11-20 17:10:57,195 INFO 19960 [-/::1/-/5ms GET /drink/start?openid=acb] acb
2019-11-20 17:10:57,252 INFO 19960 [-/::1/-/0ms GET /drink/start?openid=acb] acb
2019-11-20 17:11:08,893 INFO 19960 [-/::1/-/0ms GET /drink/start?openid=] 
2019-11-20 17:11:08,937 INFO 19960 [-/::1/-/0ms GET /drink/start?openid=] 
2019-11-20 17:11:16,994 INFO 19960 [-/::1/-/0ms GET /drink/start] undefined
2019-11-20 17:11:17,036 INFO 19960 [-/::1/-/1ms GET /drink/start] undefined
2019-11-20 18:31:37,278 INFO 21494 [-/::1/-/1ms GET /drink/start?openid=a&unionid=b] a
2019-11-20 18:31:37,330 INFO 21494 [-/::1/-/1ms GET /drink/start?openid=a&unionid=b] a
2019-11-20 18:37:37,290 ERROR 22415 [-/::1/-/15ms GET /drink/start?openid=a&unionid=b] nodejs.ReferenceError: ctx is not defined
    at DrinkController.start (/home/apple/projects/frontend/eggdemo/app/controller/drink.js:6:32)
    at Object.callFn (/home/apple/projects/frontend/eggdemo/node_modules/egg-core/lib/utils/index.js:44:21)
    at Object.classControllerMiddleware (/home/apple/projects/frontend/eggdemo/node_modules/egg-core/lib/loader/mixin/controller.js:87:20)
    at Object.callFn (/home/apple/projects/frontend/eggdemo/node_modules/@eggjs/router/lib/utils.js:12:21)
    at wrappedController (/home/apple/projects/frontend/eggdemo/node_modules/@eggjs/router/lib/egg_router.js:322:18)
    at dispatch (/home/apple/projects/frontend/eggdemo/node_modules/koa-compose/index.js:44:32)
    at next (/home/apple/projects/frontend/eggdemo/node_modules/koa-compose/index.js:45:18)
    at /home/apple/projects/frontend/eggdemo/app/middleware/drink.js:10:11
    at dispatch (/home/apple/projects/frontend/eggdemo/node_modules/koa-compose/index.js:44:32)
    at next (/home/apple/projects/frontend/eggdemo/node_modules/koa-compose/index.js:45:18)

pid: 22415
hostname: apple

2019-11-20 18:50:03,379 ERROR 22895 [-/::1/-/6ms GET /drink/start] nodejs.Error: Please set config.keys first
    at Application.get keys [as keys] (/home/apple/projects/frontend/eggdemo/node_modules/egg/lib/application.js:266:15)
    at Object.get cookies [as cookies] (/home/apple/projects/frontend/eggdemo/node_modules/egg/app/extend/context.js:22:66)
    at Object.get [egg-security#CSRF_SECRET] (/home/apple/projects/frontend/eggdemo/node_modules/egg-security/app/extend/context.js:86:33)
    at Object.ensureCsrfSecret (/home/apple/projects/frontend/eggdemo/node_modules/egg-security/app/extend/context.js:97:13)
    at csrf (/home/apple/projects/frontend/eggdemo/node_modules/egg-security/lib/middlewares/csrf.js:15:11)
    at dispatch (/home/apple/projects/frontend/eggdemo/node_modules/egg-security/node_modules/koa-compose/index.js:42:32)
    at /home/apple/projects/frontend/eggdemo/node_modules/egg-security/node_modules/koa-compose/index.js:34:12
    at dispatch (/home/apple/projects/frontend/eggdemo/node_modules/koa/node_modules/koa-compose/index.js:42:32)
    at session (/home/apple/projects/frontend/eggdemo/node_modules/koa-session/index.js:41:13)
    at dispatch (/home/apple/projects/frontend/eggdemo/node_modules/koa/node_modules/koa-compose/index.js:42:32)

pid: 22895
hostname: apple

2019-11-20 18:50:31,011 ERROR 22955 [-/::1/-/7ms GET /drink/start] nodejs.Error: Please set config.keys first
    at Application.get keys [as keys] (/home/apple/projects/frontend/eggdemo/node_modules/egg/lib/application.js:266:15)
    at Object.get cookies [as cookies] (/home/apple/projects/frontend/eggdemo/node_modules/egg/app/extend/context.js:22:66)
    at Object.get [egg-security#CSRF_SECRET] (/home/apple/projects/frontend/eggdemo/node_modules/egg-security/app/extend/context.js:86:33)
    at Object.ensureCsrfSecret (/home/apple/projects/frontend/eggdemo/node_modules/egg-security/app/extend/context.js:97:13)
    at csrf (/home/apple/projects/frontend/eggdemo/node_modules/egg-security/lib/middlewares/csrf.js:15:11)
    at dispatch (/home/apple/projects/frontend/eggdemo/node_modules/egg-security/node_modules/koa-compose/index.js:42:32)
    at /home/apple/projects/frontend/eggdemo/node_modules/egg-security/node_modules/koa-compose/index.js:34:12
    at dispatch (/home/apple/projects/frontend/eggdemo/node_modules/koa/node_modules/koa-compose/index.js:42:32)
    at session (/home/apple/projects/frontend/eggdemo/node_modules/koa-session/index.js:41:13)
    at dispatch (/home/apple/projects/frontend/eggdemo/node_modules/koa/node_modules/koa-compose/index.js:42:32)

pid: 22955
hostname: apple

2019-11-20 19:17:21,543 ERROR 24305 [-/127.0.0.1/-/3ms GET /game/drink] nodejs.Error: Please set config.keys first
    at Application.get keys [as keys] (/home/apple/projects/frontend/eggdemo/node_modules/egg/lib/application.js:266:15)
    at Object.get cookies [as cookies] (/home/apple/projects/frontend/eggdemo/node_modules/egg/app/extend/context.js:22:66)
    at Object.get [egg-security#CSRF_SECRET] (/home/apple/projects/frontend/eggdemo/node_modules/egg-security/app/extend/context.js:86:33)
    at Object.ensureCsrfSecret (/home/apple/projects/frontend/eggdemo/node_modules/egg-security/app/extend/context.js:97:13)
    at csrf (/home/apple/projects/frontend/eggdemo/node_modules/egg-security/lib/middlewares/csrf.js:15:11)
    at dispatch (/home/apple/projects/frontend/eggdemo/node_modules/egg-security/node_modules/koa-compose/index.js:42:32)
    at /home/apple/projects/frontend/eggdemo/node_modules/egg-security/node_modules/koa-compose/index.js:34:12
    at dispatch (/home/apple/projects/frontend/eggdemo/node_modules/koa/node_modules/koa-compose/index.js:42:32)
    at session (/home/apple/projects/frontend/eggdemo/node_modules/koa-session/index.js:41:13)
    at dispatch (/home/apple/projects/frontend/eggdemo/node_modules/koa/node_modules/koa-compose/index.js:42:32)

pid: 24305
hostname: apple

2019-11-20 19:18:06,869 ERROR 24332 [-/127.0.0.1/-/8ms GET /game/drink] nodejs.Error: Please set config.keys first
    at Application.get keys [as keys] (/home/apple/projects/frontend/eggdemo/node_modules/egg/lib/application.js:266:15)
    at Object.get cookies [as cookies] (/home/apple/projects/frontend/eggdemo/node_modules/egg/app/extend/context.js:22:66)
    at Object.get [egg-security#CSRF_SECRET] (/home/apple/projects/frontend/eggdemo/node_modules/egg-security/app/extend/context.js:86:33)
    at Object.ensureCsrfSecret (/home/apple/projects/frontend/eggdemo/node_modules/egg-security/app/extend/context.js:97:13)
    at csrf (/home/apple/projects/frontend/eggdemo/node_modules/egg-security/lib/middlewares/csrf.js:15:11)
    at dispatch (/home/apple/projects/frontend/eggdemo/node_modules/egg-security/node_modules/koa-compose/index.js:42:32)
    at /home/apple/projects/frontend/eggdemo/node_modules/egg-security/node_modules/koa-compose/index.js:34:12
    at dispatch (/home/apple/projects/frontend/eggdemo/node_modules/koa/node_modules/koa-compose/index.js:42:32)
    at session (/home/apple/projects/frontend/eggdemo/node_modules/koa-session/index.js:41:13)
    at dispatch (/home/apple/projects/frontend/eggdemo/node_modules/koa/node_modules/koa-compose/index.js:42:32)

pid: 24332
hostname: apple

2019-11-20 19:18:25,682 ERROR 24332 [-/127.0.0.1/-/2ms GET /game/drink] nodejs.Error: Please set config.keys first
    at Application.get keys [as keys] (/home/apple/projects/frontend/eggdemo/node_modules/egg/lib/application.js:266:15)
    at Object.get cookies [as cookies] (/home/apple/projects/frontend/eggdemo/node_modules/egg/app/extend/context.js:22:66)
    at Object.get [egg-security#CSRF_SECRET] (/home/apple/projects/frontend/eggdemo/node_modules/egg-security/app/extend/context.js:86:33)
    at Object.ensureCsrfSecret (/home/apple/projects/frontend/eggdemo/node_modules/egg-security/app/extend/context.js:97:13)
    at csrf (/home/apple/projects/frontend/eggdemo/node_modules/egg-security/lib/middlewares/csrf.js:15:11)
    at dispatch (/home/apple/projects/frontend/eggdemo/node_modules/egg-security/node_modules/koa-compose/index.js:42:32)
    at /home/apple/projects/frontend/eggdemo/node_modules/egg-security/node_modules/koa-compose/index.js:34:12
    at dispatch (/home/apple/projects/frontend/eggdemo/node_modules/koa/node_modules/koa-compose/index.js:42:32)
    at session (/home/apple/projects/frontend/eggdemo/node_modules/koa-session/index.js:41:13)
    at dispatch (/home/apple/projects/frontend/eggdemo/node_modules/koa/node_modules/koa-compose/index.js:42:32)

pid: 24332
hostname: apple

2019-11-20 19:18:26,118 ERROR 24332 [-/127.0.0.1/-/0ms GET /game/drink] nodejs.Error: Please set config.keys first
    at Application.get keys [as keys] (/home/apple/projects/frontend/eggdemo/node_modules/egg/lib/application.js:266:15)
    at Object.get cookies [as cookies] (/home/apple/projects/frontend/eggdemo/node_modules/egg/app/extend/context.js:22:66)
    at Object.get [egg-security#CSRF_SECRET] (/home/apple/projects/frontend/eggdemo/node_modules/egg-security/app/extend/context.js:86:33)
    at Object.ensureCsrfSecret (/home/apple/projects/frontend/eggdemo/node_modules/egg-security/app/extend/context.js:97:13)
    at csrf (/home/apple/projects/frontend/eggdemo/node_modules/egg-security/lib/middlewares/csrf.js:15:11)
    at dispatch (/home/apple/projects/frontend/eggdemo/node_modules/egg-security/node_modules/koa-compose/index.js:42:32)
    at /home/apple/projects/frontend/eggdemo/node_modules/egg-security/node_modules/koa-compose/index.js:34:12
    at dispatch (/home/apple/projects/frontend/eggdemo/node_modules/koa/node_modules/koa-compose/index.js:42:32)
    at session (/home/apple/projects/frontend/eggdemo/node_modules/koa-session/index.js:41:13)
    at dispatch (/home/apple/projects/frontend/eggdemo/node_modules/koa/node_modules/koa-compose/index.js:42:32)

pid: 24332
hostname: apple

2019-11-20 19:18:37,536 ERROR 24404 [-/127.0.0.1/-/10ms GET /game/drink] nodejs.Error: Please set config.keys first
    at Application.get keys [as keys] (/home/apple/projects/frontend/eggdemo/node_modules/egg/lib/application.js:266:15)
    at Object.get cookies [as cookies] (/home/apple/projects/frontend/eggdemo/node_modules/egg/app/extend/context.js:22:66)
    at Object.get [egg-security#CSRF_SECRET] (/home/apple/projects/frontend/eggdemo/node_modules/egg-security/app/extend/context.js:86:33)
    at Object.ensureCsrfSecret (/home/apple/projects/frontend/eggdemo/node_modules/egg-security/app/extend/context.js:97:13)
    at csrf (/home/apple/projects/frontend/eggdemo/node_modules/egg-security/lib/middlewares/csrf.js:15:11)
    at dispatch (/home/apple/projects/frontend/eggdemo/node_modules/egg-security/node_modules/koa-compose/index.js:42:32)
    at /home/apple/projects/frontend/eggdemo/node_modules/egg-security/node_modules/koa-compose/index.js:34:12
    at dispatch (/home/apple/projects/frontend/eggdemo/node_modules/koa/node_modules/koa-compose/index.js:42:32)
    at session (/home/apple/projects/frontend/eggdemo/node_modules/koa-session/index.js:41:13)
    at dispatch (/home/apple/projects/frontend/eggdemo/node_modules/koa/node_modules/koa-compose/index.js:42:32)

pid: 24404
hostname: apple

2019-11-20 19:33:47,174 ERROR 25020 [-/127.0.0.1/-/7ms GET /game/drink?openid=abc&unionid=def] nodejs.ReferenceError: ctx is not defined
    at DrinkController.index (/home/apple/projects/frontend/eggdemo/app/controller/game/drink.js:10:29)
    at Object.callFn (/home/apple/projects/frontend/eggdemo/node_modules/egg-core/lib/utils/index.js:44:21)
    at Object.classControllerMiddleware (/home/apple/projects/frontend/eggdemo/node_modules/egg-core/lib/loader/mixin/controller.js:87:20)
    at Object.callFn (/home/apple/projects/frontend/eggdemo/node_modules/@eggjs/router/lib/utils.js:12:21)
    at wrappedController (/home/apple/projects/frontend/eggdemo/node_modules/@eggjs/router/lib/egg_router.js:322:18)
    at dispatch (/home/apple/projects/frontend/eggdemo/node_modules/koa-compose/index.js:44:32)
    at next (/home/apple/projects/frontend/eggdemo/node_modules/koa-compose/index.js:45:18)
    at /home/apple/projects/frontend/eggdemo/node_modules/@eggjs/router/lib/router.js:190:18
    at dispatch (/home/apple/projects/frontend/eggdemo/node_modules/koa-compose/index.js:44:32)
    at /home/apple/projects/frontend/eggdemo/node_modules/koa-compose/index.js:36:12

pid: 25020
hostname: apple

2019-11-20 19:34:31,848 WARN 25125 [-/127.0.0.1/-/6ms GET /game/drink?openid=abc&unionid=def] nodejs.UnprocessableEntityError: Validation Failed
    at Object.throw (/home/apple/projects/frontend/eggdemo/node_modules/koa/lib/context.js:97:11)
    at Object.validate (/home/apple/projects/frontend/eggdemo/node_modules/egg-validate/app/extend/context.js:14:17)
    at DrinkController.index (/home/apple/projects/frontend/eggdemo/app/controller/game/drink.js:10:14)
    at Object.callFn (/home/apple/projects/frontend/eggdemo/node_modules/egg-core/lib/utils/index.js:44:21)
    at Object.classControllerMiddleware (/home/apple/projects/frontend/eggdemo/node_modules/egg-core/lib/loader/mixin/controller.js:87:20)
    at Object.callFn (/home/apple/projects/frontend/eggdemo/node_modules/@eggjs/router/lib/utils.js:12:21)
    at wrappedController (/home/apple/projects/frontend/eggdemo/node_modules/@eggjs/router/lib/egg_router.js:322:18)
    at dispatch (/home/apple/projects/frontend/eggdemo/node_modules/koa-compose/index.js:44:32)
    at next (/home/apple/projects/frontend/eggdemo/node_modules/koa-compose/index.js:45:18)
    at /home/apple/projects/frontend/eggdemo/node_modules/@eggjs/router/lib/router.js:190:18
message: "Validation Failed"
code: "invalid_param"
errors: [{"message":"required","field":"openid","code":"missing_field"}]
pid: 25125
hostname: apple

2019-11-20 19:42:04,322 WARN 25616 [-/127.0.0.1/-/6ms GET /api/game/drink?openid=abc&unionid=def] nodejs.UnprocessableEntityError: Validation Failed
    at Object.throw (/home/apple/projects/frontend/eggdemo/node_modules/koa/lib/context.js:97:11)
    at Object.validate (/home/apple/projects/frontend/eggdemo/node_modules/egg-validate/app/extend/context.js:14:17)
    at DrinkController.index (/home/apple/projects/frontend/eggdemo/app/controller/game/drink.js:10:14)
    at Object.callFn (/home/apple/projects/frontend/eggdemo/node_modules/egg-core/lib/utils/index.js:44:21)
    at Object.classControllerMiddleware (/home/apple/projects/frontend/eggdemo/node_modules/egg-core/lib/loader/mixin/controller.js:87:20)
    at Object.callFn (/home/apple/projects/frontend/eggdemo/node_modules/@eggjs/router/lib/utils.js:12:21)
    at wrappedController (/home/apple/projects/frontend/eggdemo/node_modules/@eggjs/router/lib/egg_router.js:322:18)
    at dispatch (/home/apple/projects/frontend/eggdemo/node_modules/koa-compose/index.js:44:32)
    at next (/home/apple/projects/frontend/eggdemo/node_modules/koa-compose/index.js:45:18)
    at /home/apple/projects/frontend/eggdemo/node_modules/@eggjs/router/lib/router.js:190:18
message: "Validation Failed"
code: "invalid_param"
errors: [{"message":"required","field":"openid","code":"missing_field"}]
pid: 25616
hostname: apple

2019-11-20 19:42:54,929 WARN 25616 [-/127.0.0.1/-/12ms GET /api/game/drink] nodejs.UnprocessableEntityError: Validation Failed
    at Object.throw (/home/apple/projects/frontend/eggdemo/node_modules/koa/lib/context.js:97:11)
    at Object.validate (/home/apple/projects/frontend/eggdemo/node_modules/egg-validate/app/extend/context.js:14:17)
    at DrinkController.index (/home/apple/projects/frontend/eggdemo/app/controller/game/drink.js:10:14)
    at Object.callFn (/home/apple/projects/frontend/eggdemo/node_modules/egg-core/lib/utils/index.js:44:21)
    at Object.classControllerMiddleware (/home/apple/projects/frontend/eggdemo/node_modules/egg-core/lib/loader/mixin/controller.js:87:20)
    at Object.callFn (/home/apple/projects/frontend/eggdemo/node_modules/@eggjs/router/lib/utils.js:12:21)
    at wrappedController (/home/apple/projects/frontend/eggdemo/node_modules/@eggjs/router/lib/egg_router.js:322:18)
    at dispatch (/home/apple/projects/frontend/eggdemo/node_modules/koa-compose/index.js:44:32)
    at next (/home/apple/projects/frontend/eggdemo/node_modules/koa-compose/index.js:45:18)
    at /home/apple/projects/frontend/eggdemo/node_modules/@eggjs/router/lib/router.js:190:18
message: "Validation Failed"
code: "invalid_param"
errors: [{"message":"should be an integer","code":"invalid","field":"openid"}]
pid: 25616
hostname: apple

2019-11-20 19:43:25,560 ERROR 25669 [-/127.0.0.1/-/20ms GET /api/game/drink] nodejs.TypeError: rule type must be one of number, int, integer, string, id, date, dateTime, datetime, boolean, bool, array, object, enum, email, password, url, but the following type was passed: undefined
    at Parameter.validate (/home/apple/projects/frontend/eggdemo/node_modules/parameter/index.js:106:15)
    at Object.validate (/home/apple/projects/frontend/eggdemo/node_modules/egg-validate/app/extend/context.js:12:39)
    at DrinkController.index (/home/apple/projects/frontend/eggdemo/app/controller/game/drink.js:10:14)
    at Object.callFn (/home/apple/projects/frontend/eggdemo/node_modules/egg-core/lib/utils/index.js:44:21)
    at Object.classControllerMiddleware (/home/apple/projects/frontend/eggdemo/node_modules/egg-core/lib/loader/mixin/controller.js:87:20)
    at Object.callFn (/home/apple/projects/frontend/eggdemo/node_modules/@eggjs/router/lib/utils.js:12:21)
    at wrappedController (/home/apple/projects/frontend/eggdemo/node_modules/@eggjs/router/lib/egg_router.js:322:18)
    at dispatch (/home/apple/projects/frontend/eggdemo/node_modules/koa-compose/index.js:44:32)
    at next (/home/apple/projects/frontend/eggdemo/node_modules/koa-compose/index.js:45:18)
    at /home/apple/projects/frontend/eggdemo/node_modules/@eggjs/router/lib/router.js:190:18

pid: 25669
hostname: apple

2019-11-20 19:43:33,515 ERROR 25695 [-/127.0.0.1/-/19ms GET /api/game/drink] nodejs.TypeError: rule type must be one of number, int, integer, string, id, date, dateTime, datetime, boolean, bool, array, object, enum, email, password, url, but the following type was passed: undefined
    at Parameter.validate (/home/apple/projects/frontend/eggdemo/node_modules/parameter/index.js:106:15)
    at Object.validate (/home/apple/projects/frontend/eggdemo/node_modules/egg-validate/app/extend/context.js:12:39)
    at DrinkController.index (/home/apple/projects/frontend/eggdemo/app/controller/game/drink.js:10:14)
    at Object.callFn (/home/apple/projects/frontend/eggdemo/node_modules/egg-core/lib/utils/index.js:44:21)
    at Object.classControllerMiddleware (/home/apple/projects/frontend/eggdemo/node_modules/egg-core/lib/loader/mixin/controller.js:87:20)
    at Object.callFn (/home/apple/projects/frontend/eggdemo/node_modules/@eggjs/router/lib/utils.js:12:21)
    at wrappedController (/home/apple/projects/frontend/eggdemo/node_modules/@eggjs/router/lib/egg_router.js:322:18)
    at dispatch (/home/apple/projects/frontend/eggdemo/node_modules/koa-compose/index.js:44:32)
    at next (/home/apple/projects/frontend/eggdemo/node_modules/koa-compose/index.js:45:18)
    at /home/apple/projects/frontend/eggdemo/node_modules/@eggjs/router/lib/router.js:190:18

pid: 25695
hostname: apple

2019-11-20 19:44:38,489 WARN 25747 [-/127.0.0.1/-/1ms GET /api/game/drink] nodejs.UnprocessableEntityError: Validation Failed
    at Object.throw (/home/apple/projects/frontend/eggdemo/node_modules/koa/lib/context.js:97:11)
    at Object.validate (/home/apple/projects/frontend/eggdemo/node_modules/egg-validate/app/extend/context.js:14:17)
    at DrinkController.index (/home/apple/projects/frontend/eggdemo/app/controller/game/drink.js:11:14)
    at Object.callFn (/home/apple/projects/frontend/eggdemo/node_modules/egg-core/lib/utils/index.js:44:21)
    at Object.classControllerMiddleware (/home/apple/projects/frontend/eggdemo/node_modules/egg-core/lib/loader/mixin/controller.js:87:20)
    at Object.callFn (/home/apple/projects/frontend/eggdemo/node_modules/@eggjs/router/lib/utils.js:12:21)
    at wrappedController (/home/apple/projects/frontend/eggdemo/node_modules/@eggjs/router/lib/egg_router.js:322:18)
    at dispatch (/home/apple/projects/frontend/eggdemo/node_modules/koa-compose/index.js:44:32)
    at next (/home/apple/projects/frontend/eggdemo/node_modules/koa-compose/index.js:45:18)
    at /home/apple/projects/frontend/eggdemo/node_modules/@eggjs/router/lib/router.js:190:18
message: "Validation Failed"
code: "invalid_param"
errors: [{"message":"required","field":"openid","code":"missing_field"},{"message":"required","field":"unionid","code":"missing_field"}]
pid: 25747
hostname: apple

2019-11-20 19:45:02,240 WARN 25747 [-/127.0.0.1/-/1ms GET /api/game/drink] nodejs.UnprocessableEntityError: Validation Failed
    at Object.throw (/home/apple/projects/frontend/eggdemo/node_modules/koa/lib/context.js:97:11)
    at Object.validate (/home/apple/projects/frontend/eggdemo/node_modules/egg-validate/app/extend/context.js:14:17)
    at DrinkController.index (/home/apple/projects/frontend/eggdemo/app/controller/game/drink.js:11:14)
    at Object.callFn (/home/apple/projects/frontend/eggdemo/node_modules/egg-core/lib/utils/index.js:44:21)
    at Object.classControllerMiddleware (/home/apple/projects/frontend/eggdemo/node_modules/egg-core/lib/loader/mixin/controller.js:87:20)
    at Object.callFn (/home/apple/projects/frontend/eggdemo/node_modules/@eggjs/router/lib/utils.js:12:21)
    at wrappedController (/home/apple/projects/frontend/eggdemo/node_modules/@eggjs/router/lib/egg_router.js:322:18)
    at dispatch (/home/apple/projects/frontend/eggdemo/node_modules/koa-compose/index.js:44:32)
    at next (/home/apple/projects/frontend/eggdemo/node_modules/koa-compose/index.js:45:18)
    at /home/apple/projects/frontend/eggdemo/node_modules/@eggjs/router/lib/router.js:190:18
message: "Validation Failed"
code: "invalid_param"
errors: [{"message":"should be a string","code":"invalid","field":"unionid"}]
pid: 25747
hostname: apple

2019-11-20 19:49:08,598 WARN 25862 [-/127.0.0.1/-/21ms GET /api/game/drink] nodejs.UnprocessableEntityError: Validation Failed
    at Object.throw (/home/apple/projects/frontend/eggdemo/node_modules/koa/lib/context.js:97:11)
    at Object.validate (/home/apple/projects/frontend/eggdemo/node_modules/egg-validate/app/extend/context.js:14:17)
    at DrinkController.index (/home/apple/projects/frontend/eggdemo/app/controller/game/drink.js:11:40)
    at Object.callFn (/home/apple/projects/frontend/eggdemo/node_modules/egg-core/lib/utils/index.js:44:21)
    at Object.classControllerMiddleware (/home/apple/projects/frontend/eggdemo/node_modules/egg-core/lib/loader/mixin/controller.js:87:20)
    at Object.callFn (/home/apple/projects/frontend/eggdemo/node_modules/@eggjs/router/lib/utils.js:12:21)
    at wrappedController (/home/apple/projects/frontend/eggdemo/node_modules/@eggjs/router/lib/egg_router.js:322:18)
    at dispatch (/home/apple/projects/frontend/eggdemo/node_modules/koa-compose/index.js:44:32)
    at next (/home/apple/projects/frontend/eggdemo/node_modules/koa-compose/index.js:45:18)
    at /home/apple/projects/frontend/eggdemo/node_modules/@eggjs/router/lib/router.js:190:18
message: "Validation Failed"
code: "invalid_param"
errors: [{"message":"should be a string","code":"invalid","field":"unionid"}]
pid: 25862
hostname: apple

2019-11-20 19:49:21,623 ERROR 25862 [-/127.0.0.1/-/1ms GET /api/game/drink] nodejs.TypeError: Cannot destructure property `openid` of 'undefined' or 'null'.
    at DrinkController.index (/home/apple/projects/frontend/eggdemo/app/controller/game/drink.js:11:11)
    at Object.callFn (/home/apple/projects/frontend/eggdemo/node_modules/egg-core/lib/utils/index.js:44:21)
    at Object.classControllerMiddleware (/home/apple/projects/frontend/eggdemo/node_modules/egg-core/lib/loader/mixin/controller.js:87:20)
    at Object.callFn (/home/apple/projects/frontend/eggdemo/node_modules/@eggjs/router/lib/utils.js:12:21)
    at wrappedController (/home/apple/projects/frontend/eggdemo/node_modules/@eggjs/router/lib/egg_router.js:322:18)
    at dispatch (/home/apple/projects/frontend/eggdemo/node_modules/koa-compose/index.js:44:32)
    at next (/home/apple/projects/frontend/eggdemo/node_modules/koa-compose/index.js:45:18)
    at /home/apple/projects/frontend/eggdemo/node_modules/@eggjs/router/lib/router.js:190:18
    at dispatch (/home/apple/projects/frontend/eggdemo/node_modules/koa-compose/index.js:44:32)
    at /home/apple/projects/frontend/eggdemo/node_modules/koa-compose/index.js:36:12

pid: 25862
hostname: apple

2019-11-20 19:51:57,078 WARN 25895 [-/127.0.0.1/-/16ms POST /api/game/drink] invalid csrf token. See https://eggjs.org/zh-cn/core/security.html#安全威胁csrf的防范
2019-11-20 19:51:57,081 WARN 25895 [-/127.0.0.1/-/18ms POST /api/game/drink] nodejs.ForbiddenError: invalid csrf token
    at Object.throw (/home/apple/projects/frontend/eggdemo/node_modules/koa/lib/context.js:97:11)
    at Object.assertCsrf (/home/apple/projects/frontend/eggdemo/node_modules/egg-security/app/extend/context.js:162:19)
    at csrf (/home/apple/projects/frontend/eggdemo/node_modules/egg-security/lib/middlewares/csrf.js:33:9)
    at dispatch (/home/apple/projects/frontend/eggdemo/node_modules/egg-security/node_modules/koa-compose/index.js:42:32)
    at /home/apple/projects/frontend/eggdemo/node_modules/egg-security/node_modules/koa-compose/index.js:34:12
    at dispatch (/home/apple/projects/frontend/eggdemo/node_modules/koa/node_modules/koa-compose/index.js:42:32)
    at session (/home/apple/projects/frontend/eggdemo/node_modules/koa-session/index.js:41:13)
    at dispatch (/home/apple/projects/frontend/eggdemo/node_modules/koa/node_modules/koa-compose/index.js:42:32)
    at overrideMethod (/home/apple/projects/frontend/eggdemo/node_modules/koa-override/index.js:38:12)
    at dispatch (/home/apple/projects/frontend/eggdemo/node_modules/koa/node_modules/koa-compose/index.js:42:32)
message: "invalid csrf token"
pid: 25895
hostname: apple

2019-11-20 19:53:20,817 WARN 25895 [-/127.0.0.1/-/1ms DELETE /api/game/drink] invalid csrf token. See https://eggjs.org/zh-cn/core/security.html#安全威胁csrf的防范
2019-11-20 19:53:20,818 WARN 25895 [-/127.0.0.1/-/2ms DELETE /api/game/drink] nodejs.ForbiddenError: invalid csrf token
    at Object.throw (/home/apple/projects/frontend/eggdemo/node_modules/koa/lib/context.js:97:11)
    at Object.assertCsrf (/home/apple/projects/frontend/eggdemo/node_modules/egg-security/app/extend/context.js:162:19)
    at csrf (/home/apple/projects/frontend/eggdemo/node_modules/egg-security/lib/middlewares/csrf.js:33:9)
    at dispatch (/home/apple/projects/frontend/eggdemo/node_modules/egg-security/node_modules/koa-compose/index.js:42:32)
    at /home/apple/projects/frontend/eggdemo/node_modules/egg-security/node_modules/koa-compose/index.js:34:12
    at dispatch (/home/apple/projects/frontend/eggdemo/node_modules/koa/node_modules/koa-compose/index.js:42:32)
    at session (/home/apple/projects/frontend/eggdemo/node_modules/koa-session/index.js:41:13)
    at dispatch (/home/apple/projects/frontend/eggdemo/node_modules/koa/node_modules/koa-compose/index.js:42:32)
    at overrideMethod (/home/apple/projects/frontend/eggdemo/node_modules/koa-override/index.js:13:70)
    at dispatch (/home/apple/projects/frontend/eggdemo/node_modules/koa/node_modules/koa-compose/index.js:42:32)
message: "invalid csrf token"
pid: 25895
hostname: apple

2019-11-21 10:49:00,953 INFO 7892 [-/127.0.0.1/-/1ms GET /socket.io/?EIO=3&transport=polling&t=MwBtEZ_&b64=1] sdf
2019-11-21 10:49:33,301 INFO 7925 [-/127.0.0.1/-/1ms GET /socket.io/?EIO=3&transport=polling&t=MwBtMT6&b64=1] sdf
2019-11-21 10:49:41,258 INFO 7984 [-/127.0.0.1/-/0ms GET /socket.io/?EIO=3&transport=polling&t=MwBtOPq&b64=1] sdf
2019-11-21 11:03:39,177 INFO 8111 [-/127.0.0.1/-/1ms GET /socket.io/?EIO=3&transport=polling&t=MwBwa-L&b64=1] sdf
2019-11-21 11:03:44,438 INFO 8111 [-/127.0.0.1/-/1ms GET /socket.io/?EIO=3&transport=polling&t=MwBwcGY&b64=1] sdf
2019-11-21 11:04:23,899 INFO 8152 [-/127.0.0.1/-/1ms GET /socket.io/?EIO=3&transport=polling&t=MwBwlv7&b64=1] sdf
2019-11-21 11:04:29,627 INFO 8152 [-/127.0.0.1/-/0ms GET /socket.io/?EIO=3&transport=polling&t=MwBwnId&b64=1] sdf
2019-11-21 11:06:08,656 INFO 8216 [-/127.0.0.1/-/0ms GET /socket.io/?EIO=3&transport=polling&t=MwBx9Tw&b64=1] hello world!
2019-11-21 11:07:35,482 INFO 8245 [-/127.0.0.1/-/1ms GET /socket.io/?EIO=3&transport=polling&t=MwBxUgd&b64=1] hello world!
2019-11-21 11:07:38,686 INFO 8245 [-/127.0.0.1/-/0ms GET /socket.io/?EIO=3&transport=polling&t=MwBxVSg&b64=1] hello world!
2019-11-21 11:07:52,964 INFO 8277 [-/127.0.0.1/-/1ms GET /socket.io/?EIO=3&transport=polling&t=MwBxYxk&b64=1] hello world!
2019-11-21 11:08:10,059 INFO 8291 [-/127.0.0.1/-/0ms GET /socket.io/?EIO=3&transport=polling&t=MwBxd6n&b64=1] hello world!
2019-11-21 11:08:10,059 INFO 8291 [-/127.0.0.1/-/1ms GET /socket.io/?EIO=3&transport=polling&t=MwBxd6n&b64=1] undefined
2019-11-21 11:09:01,869 INFO 8310 [-/127.0.0.1/-/0ms GET /socket.io/?EIO=3&transport=polling&t=MwBxpmP&b64=1] hello world!
2019-11-21 11:09:06,821 INFO 8310 [-/127.0.0.1/-/0ms GET /socket.io/?EIO=3&transport=polling&t=MwBxqzo&b64=1] hello world!
2019-11-21 11:09:26,666 INFO 8342 [-/127.0.0.1/-/1ms GET /socket.io/?EIO=3&transport=polling&t=MwBxvpo&b64=1] hello world!
2019-11-21 11:12:00,686 INFO 8376 [-/127.0.0.1/-/1ms GET /socket.io/?EIO=3&transport=polling&t=MwByVQ0&b64=1] hello world!
2019-11-21 11:15:09,532 INFO 8608 [-/127.0.0.1/-/1ms GET /socket.io/?EIO=3&transport=polling&t=MwBzDWr&b64=1] hello world!
2019-11-21 11:17:50,011 INFO 8750 [-/127.0.0.1/-/1ms GET /socket.io/?EIO=3&transport=polling&t=MwBzqid&b64=1] hello world!
2019-11-21 11:18:08,170 INFO 8784 [-/127.0.0.1/-/0ms GET /socket.io/?EIO=3&transport=polling&t=MwBzv8N&b64=1] hello world!
2019-11-21 11:18:15,302 INFO 8846 [-/127.0.0.1/-/1ms GET /socket.io/?EIO=3&transport=polling&t=MwBzwtL&b64=1] hello world!
2019-11-21 11:23:28,250 INFO 9065 [-/127.0.0.1/-/2ms GET /socket.io/?EIO=3&transport=polling&t=MwB_7H1&b64=1] hello world!
2019-11-21 11:32:43,726 INFO 9407 [-/127.0.0.1/-/1ms GET /socket.io/?EIO=3&transport=polling&t=MwC1Euw&b64=1] hello world!
2019-11-21 12:08:30,571 INFO 9882 [-/127.0.0.1/-/1ms GET /socket.io/?EIO=3&transport=polling&t=MwC9R1M&b64=1] hello world!
2019-11-21 12:08:54,622 INFO 9909 [-/127.0.0.1/-/1ms GET /socket.io/?EIO=3&transport=polling&t=MwC9WvB&b64=1] hello world!
2019-11-21 12:12:39,766 INFO 10158 [-/127.0.0.1/-/1ms GET /socket.io/?EIO=3&transport=polling&t=MwCANt0&b64=1] hello world!
2019-11-21 12:13:20,340 INFO 10248 [-/127.0.0.1/-/0ms GET /socket.io/?EIO=3&transport=polling&t=MwCAXm_&b64=1] hello world!
2019-11-21 12:37:05,754 INFO 10563 [-/127.0.0.1/-/1ms GET /socket.io/?EIO=3&transport=polling&t=MwCFzn8&b64=1] hello world!
2019-11-21 14:31:49,949 INFO 14698 [-/127.0.0.1/-/1ms GET /socket.io/?EIO=3&transport=polling&t=MwCgEUl&b64=1] in
2019-11-21 14:31:49,949 INFO 14698 [-/127.0.0.1/-/1ms GET /socket.io/?EIO=3&transport=polling&t=MwCgEUl&b64=1] #user_info O5oQBx9HDt-4JNP5AAAA undefined undefined
2019-11-21 14:34:30,405 INFO 14790 [-/127.0.0.1/-/4ms GET /socket.io/?EIO=3&transport=polling&t=MwCgrfd&b64=1] in
2019-11-21 14:34:30,405 INFO 14790 [-/127.0.0.1/-/5ms GET /socket.io/?EIO=3&transport=polling&t=MwCgrfd&b64=1] #user_info aFYDH3acSLdttDzEAAAA undefined undefined
2019-11-21 14:34:36,376 INFO 14886 [-/127.0.0.1/-/3ms GET /socket.io/?EIO=3&transport=polling&t=MwCgt6v&b64=1] in
2019-11-21 14:34:36,376 INFO 14886 [-/127.0.0.1/-/4ms GET /socket.io/?EIO=3&transport=polling&t=MwCgt6v&b64=1] #user_info lSwpKKSe0gYA_QtXAAAA undefined undefined
2019-11-21 14:36:20,418 INFO 15340 [-/127.0.0.1/-/4ms GET /socket.io/?EIO=3&transport=polling&t=MwChGWO&b64=1] in
2019-11-21 14:36:20,418 INFO 15340 [-/127.0.0.1/-/5ms GET /socket.io/?EIO=3&transport=polling&t=MwChGWO&b64=1] #user_info lYo1d-CfsznhiLunAAAA undefined undefined
2019-11-21 14:37:01,003 INFO 15412 [-/127.0.0.1/-/4ms GET /socket.io/?EIO=3&transport=polling&t=MwChQQj&b64=1] in
2019-11-21 14:37:01,004 INFO 15412 [-/127.0.0.1/-/5ms GET /socket.io/?EIO=3&transport=polling&t=MwChQQj&b64=1] #user_info yEbqUFDFhX06vRCgAAAA undefined undefined
2019-11-21 14:37:07,277 INFO 15503 [-/127.0.0.1/-/1ms GET /socket.io/?EIO=3&transport=polling&t=MwChRyv&b64=1] in
2019-11-21 14:37:07,278 INFO 15503 [-/127.0.0.1/-/2ms GET /socket.io/?EIO=3&transport=polling&t=MwChRyv&b64=1] #user_info s9hKoCy7H1omNseIAAAA undefined undefined
2019-11-21 14:44:10,674 INFO 15740 [-/127.0.0.1/-/4ms GET /socket.io/?EIO=3&transport=polling&t=MwCj3KK&b64=1] in
2019-11-21 14:44:10,675 INFO 15740 [-/127.0.0.1/-/5ms GET /socket.io/?EIO=3&transport=polling&t=MwCj3KK&b64=1] #user_info VXxMMZlZqvp22cJ0AAAA undefined undefined
2019-11-21 14:44:29,762 INFO 15864 [-/127.0.0.1/-/4ms GET /socket.io/?EIO=3&transport=polling&t=MwCj7-Z&b64=1] in
2019-11-21 14:44:29,763 INFO 15864 [-/127.0.0.1/-/5ms GET /socket.io/?EIO=3&transport=polling&t=MwCj7-Z&b64=1] #user_info sl6je_Lt-dCmKGWqAAAA undefined undefined
2019-11-21 14:45:18,940 INFO 15988 [-/127.0.0.1/-/1ms GET /socket.io/?EIO=3&transport=polling&t=MwCjJ_F&b64=1] in
2019-11-21 14:45:18,940 INFO 15988 [-/127.0.0.1/-/1ms GET /socket.io/?EIO=3&transport=polling&t=MwCjJ_F&b64=1] #user_info I5a9Wvvl2CLtEYDxAAAA undefined undefined
2019-11-21 14:45:18,941 INFO 15988 [-/127.0.0.1/-/1ms GET /socket.io/?EIO=3&transport=polling&t=MwCjJ_F&b64=1] #tick I5a9Wvvl2CLtEYDxAAAA { type: 'deleted', message: 'deleted, room has been deleted.' }
2019-11-21 14:45:18,948 ERROR 15988 [-/127.0.0.1/-/9ms GET /socket.io/?EIO=3&transport=polling&t=MwCjJ_F&b64=1] null
2019-11-21 15:06:33,166 WARN 17173 [-/127.0.0.1/-/1ms POST /?EIO=3&transport=polling&t=MwCoB5B&b64=1] missing csrf token. See https://eggjs.org/zh-cn/core/security.html#安全威胁csrf的防范
2019-11-21 15:06:33,167 WARN 17173 [-/127.0.0.1/-/2ms POST /?EIO=3&transport=polling&t=MwCoB5B&b64=1] nodejs.ForbiddenError: missing csrf token
    at Object.throw (/home/apple/projects/frontend/eggdemo/node_modules/koa/lib/context.js:97:11)
    at Object.assertCsrf (/home/apple/projects/frontend/eggdemo/node_modules/egg-security/app/extend/context.js:153:19)
    at csrf (/home/apple/projects/frontend/eggdemo/node_modules/egg-security/lib/middlewares/csrf.js:33:9)
    at dispatch (/home/apple/projects/frontend/eggdemo/node_modules/egg-security/node_modules/koa-compose/index.js:42:32)
    at /home/apple/projects/frontend/eggdemo/node_modules/egg-security/node_modules/koa-compose/index.js:34:12
    at dispatch (/home/apple/projects/frontend/eggdemo/node_modules/koa/node_modules/koa-compose/index.js:42:32)
    at session (/home/apple/projects/frontend/eggdemo/node_modules/koa-session/index.js:41:13)
    at dispatch (/home/apple/projects/frontend/eggdemo/node_modules/koa/node_modules/koa-compose/index.js:42:32)
    at overrideMethod (/home/apple/projects/frontend/eggdemo/node_modules/koa-override/index.js:38:12)
    at dispatch (/home/apple/projects/frontend/eggdemo/node_modules/koa/node_modules/koa-compose/index.js:42:32)
message: "missing csrf token"
pid: 17173
hostname: apple

2019-11-21 15:06:34,640 WARN 17173 [-/127.0.0.1/-/1ms POST /?EIO=3&transport=polling&t=MwCoBSD&b64=1] missing csrf token. See https://eggjs.org/zh-cn/core/security.html#安全威胁csrf的防范
2019-11-21 15:06:34,640 WARN 17173 [-/127.0.0.1/-/1ms POST /?EIO=3&transport=polling&t=MwCoBSD&b64=1] nodejs.ForbiddenError: missing csrf token
    at Object.throw (/home/apple/projects/frontend/eggdemo/node_modules/koa/lib/context.js:97:11)
    at Object.assertCsrf (/home/apple/projects/frontend/eggdemo/node_modules/egg-security/app/extend/context.js:153:19)
    at csrf (/home/apple/projects/frontend/eggdemo/node_modules/egg-security/lib/middlewares/csrf.js:33:9)
    at dispatch (/home/apple/projects/frontend/eggdemo/node_modules/egg-security/node_modules/koa-compose/index.js:42:32)
    at /home/apple/projects/frontend/eggdemo/node_modules/egg-security/node_modules/koa-compose/index.js:34:12
    at dispatch (/home/apple/projects/frontend/eggdemo/node_modules/koa/node_modules/koa-compose/index.js:42:32)
    at session (/home/apple/projects/frontend/eggdemo/node_modules/koa-session/index.js:41:13)
    at dispatch (/home/apple/projects/frontend/eggdemo/node_modules/koa/node_modules/koa-compose/index.js:42:32)
    at overrideMethod (/home/apple/projects/frontend/eggdemo/node_modules/koa-override/index.js:38:12)
    at dispatch (/home/apple/projects/frontend/eggdemo/node_modules/koa/node_modules/koa-compose/index.js:42:32)
message: "missing csrf token"
pid: 17173
hostname: apple

2019-11-21 15:06:37,608 WARN 17173 [-/127.0.0.1/-/1ms POST /?EIO=3&transport=polling&t=MwCoCAa&b64=1] missing csrf token. See https://eggjs.org/zh-cn/core/security.html#安全威胁csrf的防范
2019-11-21 15:06:37,609 WARN 17173 [-/127.0.0.1/-/1ms POST /?EIO=3&transport=polling&t=MwCoCAa&b64=1] nodejs.ForbiddenError: missing csrf token
    at Object.throw (/home/apple/projects/frontend/eggdemo/node_modules/koa/lib/context.js:97:11)
    at Object.assertCsrf (/home/apple/projects/frontend/eggdemo/node_modules/egg-security/app/extend/context.js:153:19)
    at csrf (/home/apple/projects/frontend/eggdemo/node_modules/egg-security/lib/middlewares/csrf.js:33:9)
    at dispatch (/home/apple/projects/frontend/eggdemo/node_modules/egg-security/node_modules/koa-compose/index.js:42:32)
    at /home/apple/projects/frontend/eggdemo/node_modules/egg-security/node_modules/koa-compose/index.js:34:12
    at dispatch (/home/apple/projects/frontend/eggdemo/node_modules/koa/node_modules/koa-compose/index.js:42:32)
    at session (/home/apple/projects/frontend/eggdemo/node_modules/koa-session/index.js:41:13)
    at dispatch (/home/apple/projects/frontend/eggdemo/node_modules/koa/node_modules/koa-compose/index.js:42:32)
    at overrideMethod (/home/apple/projects/frontend/eggdemo/node_modules/koa-override/index.js:38:12)
    at dispatch (/home/apple/projects/frontend/eggdemo/node_modules/koa/node_modules/koa-compose/index.js:42:32)
message: "missing csrf token"
pid: 17173
hostname: apple

2019-11-21 15:06:38,937 INFO 17173 [-/127.0.0.1/-/1ms GET /socket.io/?EIO=3&transport=polling&t=MwCoCVF&b64=1] #user_info BD2VIK5ZO_1y6lAoAAAA undefined undefined
2019-11-21 15:06:38,937 INFO 17173 [-/127.0.0.1/-/1ms GET /socket.io/?EIO=3&transport=polling&t=MwCoCVF&b64=1] #tick BD2VIK5ZO_1y6lAoAAAA { type: 'deleted', message: 'deleted, room has been deleted.' }
2019-11-21 15:06:38,940 ERROR 17173 [-/127.0.0.1/-/4ms GET /socket.io/?EIO=3&transport=polling&t=MwCoCVF&b64=1] null
2019-11-21 15:08:02,221 INFO 17173 [-/127.0.0.1/-/0ms GET /socket.io/?abcd=e&EIO=3&transport=polling&t=MwCoWqc&b64=1] #user_info -5b-TFLUubEiK5cgAAAB undefined undefined
2019-11-21 15:08:02,221 INFO 17173 [-/127.0.0.1/-/0ms GET /socket.io/?abcd=e&EIO=3&transport=polling&t=MwCoWqc&b64=1] #tick -5b-TFLUubEiK5cgAAAB { type: 'deleted', message: 'deleted, room has been deleted.' }
2019-11-21 15:08:02,222 ERROR 17173 [-/127.0.0.1/-/1ms GET /socket.io/?abcd=e&EIO=3&transport=polling&t=MwCoWqc&b64=1] null
2019-11-21 15:08:24,334 INFO 17445 [-/127.0.0.1/-/1ms GET /socket.io/?abcd=e&EIO=3&transport=polling&t=MwCocE2&b64=1] #user_info 8pU8WpMuppAR2fJNAAAA undefined undefined
2019-11-21 15:08:24,335 INFO 17445 [-/127.0.0.1/-/1ms GET /socket.io/?abcd=e&EIO=3&transport=polling&t=MwCocE2&b64=1] #tick 8pU8WpMuppAR2fJNAAAA { type: 'deleted', message: 'deleted, room has been deleted.' }
2019-11-21 15:08:24,338 ERROR 17445 [-/127.0.0.1/-/5ms GET /socket.io/?abcd=e&EIO=3&transport=polling&t=MwCocE2&b64=1] null
2019-11-21 15:09:00,051 INFO 17445 [-/127.0.0.1/-/1ms GET /socket.io/?room=e&userId=f&EIO=3&transport=polling&t=MwCokyB&b64=1] #user_info halg3QT1inXM-7wOAAAB e f
2019-11-21 15:09:00,051 INFO 17445 [-/127.0.0.1/-/1ms GET /socket.io/?room=e&userId=f&EIO=3&transport=polling&t=MwCokyB&b64=1] #tick halg3QT1inXM-7wOAAAB { type: 'deleted', message: 'deleted, room has been deleted.' }
2019-11-21 15:09:00,052 ERROR 17445 [-/127.0.0.1/-/2ms GET /socket.io/?room=e&userId=f&EIO=3&transport=polling&t=MwCokyB&b64=1] null
2019-11-21 15:29:09,141 INFO 17986 [-/127.0.0.1/-/2ms GET /socket.io/?room=e&userId=f&EIO=3&transport=polling&t=MwCtM7t&b64=1] #user_info sF6ejrQ3sPAH0FBLAAAA e f
2019-11-21 15:29:28,765 INFO 18127 [-/127.0.0.1/-/2ms GET /socket.io/?room=e&userId=f&EIO=3&transport=polling&t=MwCtQwV&b64=1] #user_info JJLRGK4ltUIRtMicAAAA e f
2019-11-21 15:29:56,804 INFO 18127 [-/127.0.0.1/-/0ms GET /socket.io/?room=e&userId=f&EIO=3&transport=polling&t=MwCtXmz&b64=1] #user_info vWMAcagugLY7A2UgAAAB e f
2019-11-21 15:31:32,325 INFO 18127 [-/127.0.0.1/-/0ms GET /socket.io/?room=e&userId=f&EIO=3&transport=polling&t=MwCtv5S&b64=1] #user_info bl--LZS12NHAyaddAAAC e f
2019-11-21 15:32:23,971 INFO 18127 [-/127.0.0.1/-/0ms GET /socket.io/?room=e&userId=f&EIO=3&transport=polling&t=MwCu5iT&b64=1] #user_info 8xAZrAymloN2nGBEAAAD e f
2019-11-21 15:34:21,117 INFO 18400 [-/127.0.0.1/-/1ms GET /socket.io/?room=e&userId=f&EIO=3&transport=polling&t=MwCuYIn&b64=1] #user_info IWI9xJYUzQhdfB1uAAAA e f
2019-11-21 15:35:04,454 INFO 18400 [-/127.0.0.1/-/0ms GET /socket.io/?room=e&userId=f&EIO=3&transport=polling&t=MwCuit-&b64=1] #user_info UWcUkQJ3402mXWWXAAAB e f
2019-11-21 15:35:08,543 INFO 18400 [-/127.0.0.1/-/0ms GET /socket.io/?room=e&userId=f&EIO=3&transport=polling&t=MwCujtu&b64=1] #user_info jibOrQZn-0XQVJdKAAAC e f
2019-11-21 15:37:00,061 INFO 18661 [-/127.0.0.1/-/1ms GET /socket.io/?room=e&userId=f&EIO=3&transport=polling&t=MwCv96H&b64=1] #user_info 2ln-3qrpdS_DwnO-AAAA e f
2019-11-21 15:37:00,065 INFO 18661 [-/127.0.0.1/-/5ms GET /socket.io/?room=e&userId=f&EIO=3&transport=polling&t=MwCv96H&b64=1] #online_join []
2019-11-21 15:37:03,081 INFO 18661 [-/127.0.0.1/-/0ms GET /socket.io/?room=e&userId=f&EIO=3&transport=polling&t=MwCv9rY&b64=1] #user_info ICDL79aHO98wu0GXAAAB e f
2019-11-21 15:37:03,083 INFO 18661 [-/127.0.0.1/-/2ms GET /socket.io/?room=e&userId=f&EIO=3&transport=polling&t=MwCv9rY&b64=1] #online_join []
2019-11-21 15:38:16,312 INFO 18661 [-/127.0.0.1/-/0ms GET /socket.io/?room=e&userId=f&EIO=3&transport=polling&t=MwCvRjn&b64=1] #user_info Jw-AJKyfjeM3pld4AAAC e f
2019-11-21 15:38:16,314 INFO 18661 [-/127.0.0.1/-/2ms GET /socket.io/?room=e&userId=f&EIO=3&transport=polling&t=MwCvRjn&b64=1] #online_join []
2019-11-21 15:40:55,354 INFO 18661 [-/127.0.0.1/-/0ms GET /socket.io/?room=e&userId=f&EIO=3&transport=polling&t=MwCw2Yo&b64=1] #user_info Dt4Fjx13FdGATgnrAAAD e f
2019-11-21 15:40:55,356 INFO 18661 [-/127.0.0.1/-/2ms GET /socket.io/?room=e&userId=f&EIO=3&transport=polling&t=MwCw2Yo&b64=1] #online_join []
2019-11-21 15:41:36,540 INFO 18661 [-/127.0.0.1/-/0ms GET /socket.io/?room=e&userId=f&EIO=3&transport=polling&t=MwCwCcL&b64=1] #user_info 5h4ylkFZ7Cudb2B8AAAE e f
2019-11-21 15:41:36,542 INFO 18661 [-/127.0.0.1/-/2ms GET /socket.io/?room=e&userId=f&EIO=3&transport=polling&t=MwCwCcL&b64=1] #online_join []
2019-11-21 15:41:39,629 INFO 18661 [-/127.0.0.1/-/0ms GET /socket.io/?room=e&userId=f&EIO=3&transport=polling&t=MwCwDMd&b64=1] #user_info HEdQt4_uO0ckXj-nAAAF e f
2019-11-21 15:41:39,631 INFO 18661 [-/127.0.0.1/-/2ms GET /socket.io/?room=e&userId=f&EIO=3&transport=polling&t=MwCwDMd&b64=1] #online_join []
2019-11-21 15:41:45,990 INFO 18661 [-/127.0.0.1/-/0ms GET /socket.io/?room=e&userId=g&EIO=3&transport=polling&t=MwCwEv_&b64=1] #user_info so22hrsFYYfVFRrOAAAG e g
2019-11-21 15:41:45,991 INFO 18661 [-/127.0.0.1/-/1ms GET /socket.io/?room=e&userId=g&EIO=3&transport=polling&t=MwCwEv_&b64=1] #online_join []
2019-11-21 15:42:10,775 INFO 18960 [-/127.0.0.1/-/3ms GET /socket.io/?room=e&userId=g&EIO=3&transport=polling&t=MwCwKyv&b64=1] #user_info IP0FWs7QVrWM1KqbAAAA e g
2019-11-21 15:42:10,787 INFO 18960 [-/127.0.0.1/-/15ms GET /socket.io/?room=e&userId=g&EIO=3&transport=polling&t=MwCwKyv&b64=1] #online_join []
2019-11-21 15:42:13,483 INFO 18960 [-/127.0.0.1/-/0ms GET /socket.io/?room=e&userId=f&EIO=3&transport=polling&t=MwCwLdc&b64=1] #user_info H1CvTOPM5B1-o7YzAAAB e f
2019-11-21 15:42:13,488 INFO 18960 [-/127.0.0.1/-/5ms GET /socket.io/?room=e&userId=f&EIO=3&transport=polling&t=MwCwLdc&b64=1] #online_join []
2019-11-21 15:45:31,775 INFO 18960 [-/127.0.0.1/-/0ms GET /socket.io/?room=chat&userId=f&EIO=3&transport=polling&t=MwCx61u&b64=1] #user_info -TtgZBVRQIxNwKC1AAAC chat f
2019-11-21 15:45:31,777 INFO 18960 [-/127.0.0.1/-/2ms GET /socket.io/?room=chat&userId=f&EIO=3&transport=polling&t=MwCx61u&b64=1] #online_join []
2019-11-21 15:45:35,476 INFO 18960 [-/127.0.0.1/-/0ms GET /socket.io/?room=chat&userId=g&EIO=3&transport=polling&t=MwCx6xk&b64=1] #user_info 8q3xR7ylyskRh4O7AAAD chat g
2019-11-21 15:45:35,479 INFO 18960 [-/127.0.0.1/-/3ms GET /socket.io/?room=chat&userId=g&EIO=3&transport=polling&t=MwCx6xk&b64=1] #online_join []
2019-11-21 15:47:50,390 INFO 19217 [-/127.0.0.1/-/1ms GET /socket.io/?room=chat&userId=f&EIO=3&transport=polling&t=MwCxdtf&b64=1] #user_info yP55NG4xpiXUrv3hAAAA chat f
2019-11-21 15:47:50,396 INFO 19217 [-/127.0.0.1/-/7ms GET /socket.io/?room=chat&userId=f&EIO=3&transport=polling&t=MwCxdtf&b64=1] #online_join []
2019-11-21 15:47:51,841 INFO 19217 [-/127.0.0.1/-/0ms GET /socket.io/?room=chat&userId=g&EIO=3&transport=polling&t=MwCxeEQ&b64=1] #user_info GTVVCE-K2NSRF_ypAAAB chat g
2019-11-21 15:47:51,843 INFO 19217 [-/127.0.0.1/-/2ms GET /socket.io/?room=chat&userId=g&EIO=3&transport=polling&t=MwCxeEQ&b64=1] #online_join []
2019-11-21 15:53:09,535 INFO 19830 [-/127.0.0.1/-/1ms GET /socket.io/?room=chat&userId=f&EIO=3&transport=polling&t=MwCyroJ&b64=1] #user_info OLCRREbghSqPUON1AAAA chat f
2019-11-21 15:53:09,540 INFO 19830 [-/127.0.0.1/-/6ms GET /socket.io/?room=chat&userId=f&EIO=3&transport=polling&t=MwCyroJ&b64=1] #online_join []
2019-11-21 16:03:19,624 INFO 20062 [-/127.0.0.1/-/1ms GET /socket.io/?room=chat&userId=f&EIO=3&transport=polling&t=MwC_Aky&b64=1] #user_info pFIHFxirWmv5bINQAAAA chat f
2019-11-21 16:03:19,628 INFO 20062 [-/127.0.0.1/-/5ms GET /socket.io/?room=chat&userId=f&EIO=3&transport=polling&t=MwC_Aky&b64=1] #online_join []
2019-11-21 16:03:28,146 INFO 20062 [-/127.0.0.1/-/0ms GET /socket.io/?room=chat&userId=f&EIO=3&transport=polling&t=MwC_CqB&b64=1] #user_info riF8GYktUFvqzmXUAAAB chat f
2019-11-21 16:03:28,147 INFO 20062 [-/127.0.0.1/-/1ms GET /socket.io/?room=chat&userId=f&EIO=3&transport=polling&t=MwC_CqB&b64=1] #online_join []
2019-11-21 16:03:44,064 INFO 20151 [-/127.0.0.1/-/0ms GET /socket.io/?room=chat&userId=f&EIO=3&transport=polling&t=MwC_Giq&b64=1] #user_info TigZqOL-WuAEQr4iAAAA chat f
2019-11-21 16:03:44,069 INFO 20151 [-/127.0.0.1/-/4ms GET /socket.io/?room=chat&userId=f&EIO=3&transport=polling&t=MwC_Giq&b64=1] #online_join []
2019-11-21 16:04:10,691 INFO 20337 [-/127.0.0.1/-/1ms GET /socket.io/?room=chat&userId=f&EIO=3&transport=polling&t=MwC_NCt&b64=1] #user_info VJKlU5Oovo3G6dQpAAAA chat f
2019-11-21 16:04:10,695 INFO 20337 [-/127.0.0.1/-/5ms GET /socket.io/?room=chat&userId=f&EIO=3&transport=polling&t=MwC_NCt&b64=1] #online_join []
2019-11-21 16:04:55,811 INFO 20417 [-/127.0.0.1/-/0ms GET /socket.io/?room=chat&userId=f&EIO=3&transport=polling&t=MwC_YDt&b64=1] #user_info RuSY7vr5GXl8u68DAAAA chat f
2019-11-21 16:04:55,819 INFO 20417 [-/127.0.0.1/-/8ms GET /socket.io/?room=chat&userId=f&EIO=3&transport=polling&t=MwC_YDt&b64=1] #online_join []
2019-11-21 16:05:10,124 INFO 20573 [-/127.0.0.1/-/0ms GET /socket.io/?room=chat&userId=f&EIO=3&transport=polling&t=MwC_bjW&b64=1] #user_info kY3znoYeR20lmjYwAAAA chat f
2019-11-21 16:05:10,128 INFO 20573 [-/127.0.0.1/-/5ms GET /socket.io/?room=chat&userId=f&EIO=3&transport=polling&t=MwC_bjW&b64=1] #online_join []
2019-11-21 16:06:02,427 INFO 20709 [-/127.0.0.1/-/1ms GET /socket.io/?room=chat&userId=f&EIO=3&transport=polling&t=MwC_oUk&b64=1] #user_info DfY18Lo2jiryt6O-AAAA chat f
2019-11-21 16:06:02,434 INFO 20709 [-/127.0.0.1/-/8ms GET /socket.io/?room=chat&userId=f&EIO=3&transport=polling&t=MwC_oUk&b64=1] #online_join []
2019-11-21 16:07:07,534 INFO 20785 [-/127.0.0.1/-/1ms GET /socket.io/?room=chat&userId=f&EIO=3&transport=polling&t=MwD02O2&b64=1] #user_info pqGd2hB0Y70gNJcTAAAA chat f
2019-11-21 16:08:19,126 INFO 20968 [-/127.0.0.1/-/1ms GET /socket.io/?room=chat&userId=f&EIO=3&transport=polling&t=MwD0Jsg&b64=1] #user_info RZAdrwLmoF2l83f7AAAA chat f
2019-11-21 16:09:17,301 INFO 21137 [-/127.0.0.1/-/1ms GET /socket.io/?room=chat&userId=f&EIO=3&transport=polling&t=MwD0Y3e&b64=1] #user_info BqrgiA0Y_F0pZG9mAAAA chat f
2019-11-21 16:09:50,589 ERROR 21217 [-/127.0.0.1/-/0ms GET /] nodejs.AssertionError: can't find middleware:  !
    at /home/apple/projects/frontend/eggdemo/node_modules/egg-socket.io/lib/io.js:48:11
    at Object.callFn (/home/apple/projects/frontend/eggdemo/node_modules/egg-core/lib/utils/index.js:44:42)
    at /home/apple/projects/frontend/eggdemo/node_modules/egg-core/lib/lifecycle.js:262:13
    at processTicksAndRejections (internal/process/task_queues.js:75:11)
generatedMessage: false
code: "ERR_ASSERTION"
actual: undefined
expected: true
operator: "=="
pid: 21217
hostname: apple

2019-11-21 16:09:50,602 ERROR 21203 [-/127.0.0.1/-/0ms GET /] nodejs.AssertionError: can't find middleware:  !
    at /home/apple/projects/frontend/eggdemo/node_modules/egg-socket.io/lib/io.js:48:11
    at Object.callFn (/home/apple/projects/frontend/eggdemo/node_modules/egg-core/lib/utils/index.js:44:42)
    at /home/apple/projects/frontend/eggdemo/node_modules/egg-core/lib/lifecycle.js:262:13
    at processTicksAndRejections (internal/process/task_queues.js:75:11)
generatedMessage: false
code: "ERR_ASSERTION"
actual: undefined
expected: true
operator: "=="
pid: 21203
hostname: apple

2019-11-21 16:09:50,645 ERROR 21211 [-/127.0.0.1/-/0ms GET /] nodejs.AssertionError: can't find middleware:  !
    at /home/apple/projects/frontend/eggdemo/node_modules/egg-socket.io/lib/io.js:48:11
    at Object.callFn (/home/apple/projects/frontend/eggdemo/node_modules/egg-core/lib/utils/index.js:44:42)
    at /home/apple/projects/frontend/eggdemo/node_modules/egg-core/lib/lifecycle.js:262:13
    at processTicksAndRejections (internal/process/task_queues.js:75:11)
generatedMessage: false
code: "ERR_ASSERTION"
actual: undefined
expected: true
operator: "=="
pid: 21211
hostname: apple

2019-11-21 16:09:50,687 ERROR 21209 [-/127.0.0.1/-/0ms GET /] nodejs.AssertionError: can't find middleware:  !
    at /home/apple/projects/frontend/eggdemo/node_modules/egg-socket.io/lib/io.js:48:11
    at Object.callFn (/home/apple/projects/frontend/eggdemo/node_modules/egg-core/lib/utils/index.js:44:42)
    at /home/apple/projects/frontend/eggdemo/node_modules/egg-core/lib/lifecycle.js:262:13
    at processTicksAndRejections (internal/process/task_queues.js:75:11)
generatedMessage: false
code: "ERR_ASSERTION"
actual: undefined
expected: true
operator: "=="
pid: 21209
hostname: apple

2019-11-21 16:10:00,672 ERROR 21308 [-/127.0.0.1/-/1ms GET /] nodejs.AssertionError: can't find middleware:  !
    at /home/apple/projects/frontend/eggdemo/node_modules/egg-socket.io/lib/io.js:48:11
    at Object.callFn (/home/apple/projects/frontend/eggdemo/node_modules/egg-core/lib/utils/index.js:44:42)
    at /home/apple/projects/frontend/eggdemo/node_modules/egg-core/lib/lifecycle.js:262:13
    at processTicksAndRejections (internal/process/task_queues.js:75:11)
generatedMessage: false
code: "ERR_ASSERTION"
actual: undefined
expected: true
operator: "=="
pid: 21308
hostname: apple

2019-11-21 16:10:17,784 INFO 21407 [-/127.0.0.1/-/1ms GET /socket.io/?room=chat&userId=f&EIO=3&transport=polling&t=MwD0mqi&b64=1] #user_info ZLr6JsnakJ3_fNJxAAAA chat f
2019-11-21 16:14:36,741 INFO 21483 [-/127.0.0.1/-/2ms GET /socket.io/?room=chat&userId=f&EIO=3&transport=polling&t=MwD1m2e&b64=1] #user_info ph3Adbuowfj3WOpEAAAA chat f
2019-11-21 16:14:50,395 INFO 21589 [-/127.0.0.1/-/3ms GET /socket.io/?room=chat&userId=f&EIO=3&transport=polling&t=MwD1pNz&b64=1] #user_info NTT0wqEWZksmM6f4AAAA chat f
2019-11-21 16:14:56,377 INFO 21589 [-/127.0.0.1/-/0ms GET /socket.io/?room=chat&userId=f&EIO=3&transport=polling&t=MwD1qrp&b64=1] #user_info 629paJQftuNAOS4yAAAB chat f
2019-11-21 16:15:19,239 INFO 21720 [-/127.0.0.1/-/0ms GET /socket.io/?room=chat&userId=f&EIO=3&transport=polling&t=MwD1wQx&b64=1] #user_info MRscF665h7JxwbVLAAAA chat f
2019-11-21 16:15:19,253 ERROR 21720 [-/127.0.0.1/-/0ms GET /socket.io/?room=chat&userId=f&EIO=3&transport=polling&t=MwD1wQx&b64=1] in chat controller#########
2019-11-21 16:15:19,253 INFO 21720 [-/127.0.0.1/-/0ms GET /socket.io/?room=chat&userId=f&EIO=3&transport=polling&t=MwD1wQx&b64=1] client1 hello world!
2019-11-21 16:16:12,065 INFO 21786 [-/127.0.0.1/-/0ms GET /socket.io/?room=chat&userId=f&EIO=3&transport=polling&t=MwD27KL&b64=1] #user_info BQDlx75OGlzt4py-AAAA chat f
2019-11-21 16:16:12,079 ERROR 21786 [-/127.0.0.1/-/1ms GET /socket.io/?room=chat&userId=f&EIO=3&transport=polling&t=MwD27KL&b64=1] in chat controller#########
2019-11-21 16:16:12,079 INFO 21786 [-/127.0.0.1/-/1ms GET /socket.io/?room=chat&userId=f&EIO=3&transport=polling&t=MwD27KL&b64=1] client1 hello world!
2019-11-21 16:16:12,080 ERROR 21786 nodejs.ReferenceError: payload is not defined
    at ChatController.index (/home/apple/projects/frontend/eggdemo/app/io/controller/chat.js:17:41)
    at Object.callFn (/home/apple/projects/frontend/eggdemo/node_modules/egg-core/lib/utils/index.js:44:21)
    at Object.classControllerMiddleware (/home/apple/projects/frontend/eggdemo/node_modules/egg-core/lib/loader/mixin/controller.js:87:20)
    at Socket.<anonymous> (/home/apple/projects/frontend/eggdemo/node_modules/egg-socket.io/lib/io.js:104:23)
    at Socket.emit (events.js:210:5)
    at /home/apple/projects/frontend/eggdemo/node_modules/socket.io/lib/socket.js:528:12
    at processTicksAndRejections (internal/process/task_queues.js:75:11)

pid: 21786
hostname: apple

2019-11-21 16:16:21,783 INFO 21851 [-/127.0.0.1/-/1ms GET /socket.io/?room=chat&userId=f&EIO=3&transport=polling&t=MwD29iB&b64=1] #user_info 9HI8M018YLBtWaQiAAAA chat f
2019-11-21 16:16:21,797 ERROR 21851 [-/127.0.0.1/-/1ms GET /socket.io/?room=chat&userId=f&EIO=3&transport=polling&t=MwD29iB&b64=1] in chat controller#########
2019-11-21 16:16:21,797 INFO 21851 [-/127.0.0.1/-/1ms GET /socket.io/?room=chat&userId=f&EIO=3&transport=polling&t=MwD29iB&b64=1] client1 hello world!
2019-11-21 16:16:21,798 ERROR 21851 nodejs.ReferenceError: payload is not defined
    at ChatController.index (/home/apple/projects/frontend/eggdemo/app/io/controller/chat.js:17:41)
    at Object.callFn (/home/apple/projects/frontend/eggdemo/node_modules/egg-core/lib/utils/index.js:44:21)
    at Object.classControllerMiddleware (/home/apple/projects/frontend/eggdemo/node_modules/egg-core/lib/loader/mixin/controller.js:87:20)
    at Socket.<anonymous> (/home/apple/projects/frontend/eggdemo/node_modules/egg-socket.io/lib/io.js:104:23)
    at Socket.emit (events.js:210:5)
    at /home/apple/projects/frontend/eggdemo/node_modules/socket.io/lib/socket.js:528:12
    at processTicksAndRejections (internal/process/task_queues.js:75:11)

pid: 21851
hostname: apple

2019-11-21 16:16:40,243 INFO 21851 [-/127.0.0.1/-/0ms GET /socket.io/?room=chat&userId=f&EIO=3&transport=polling&t=MwD2ECi&b64=1] #user_info Iu4ELygtIiHOFLKkAAAB chat f
2019-11-21 16:16:40,256 ERROR 21851 [-/127.0.0.1/-/0ms GET /socket.io/?room=chat&userId=f&EIO=3&transport=polling&t=MwD2ECi&b64=1] in chat controller#########
2019-11-21 16:16:40,256 INFO 21851 [-/127.0.0.1/-/0ms GET /socket.io/?room=chat&userId=f&EIO=3&transport=polling&t=MwD2ECi&b64=1] client1 hello world!
2019-11-21 16:16:40,257 ERROR 21851 nodejs.ReferenceError: payload is not defined
    at ChatController.index (/home/apple/projects/frontend/eggdemo/app/io/controller/chat.js:17:41)
    at Object.callFn (/home/apple/projects/frontend/eggdemo/node_modules/egg-core/lib/utils/index.js:44:21)
    at Object.classControllerMiddleware (/home/apple/projects/frontend/eggdemo/node_modules/egg-core/lib/loader/mixin/controller.js:87:20)
    at Socket.<anonymous> (/home/apple/projects/frontend/eggdemo/node_modules/egg-socket.io/lib/io.js:104:23)
    at Socket.emit (events.js:210:5)
    at /home/apple/projects/frontend/eggdemo/node_modules/socket.io/lib/socket.js:528:12
    at processTicksAndRejections (internal/process/task_queues.js:75:11)

pid: 21851
hostname: apple

2019-11-21 16:16:48,355 INFO 22027 [-/127.0.0.1/-/1ms GET /socket.io/?room=chat&userId=f&EIO=3&transport=polling&t=MwD2GBN&b64=1] #user_info Whj8b-7kKKvOXJtSAAAA chat f
2019-11-21 16:16:48,369 ERROR 22027 [-/127.0.0.1/-/0ms GET /socket.io/?room=chat&userId=f&EIO=3&transport=polling&t=MwD2GBN&b64=1] in chat controller#########
2019-11-21 16:16:48,369 INFO 22027 [-/127.0.0.1/-/1ms GET /socket.io/?room=chat&userId=f&EIO=3&transport=polling&t=MwD2GBN&b64=1] client1 hello world!
2019-11-21 16:16:51,383 ERROR 22027 [-/127.0.0.1/-/1ms GET /socket.io/?room=chat&userId=f&EIO=3&transport=polling&t=MwD2GBN&b64=1] in chat controller#########
2019-11-21 16:16:51,383 INFO 22027 [-/127.0.0.1/-/1ms GET /socket.io/?room=chat&userId=f&EIO=3&transport=polling&t=MwD2GBN&b64=1] client1 recv
2019-11-21 16:16:53,973 INFO 22027 [-/127.0.0.1/-/0ms GET /socket.io/?room=chat&userId=g&EIO=3&transport=polling&t=MwD2HZE&b64=1] #user_info TB8HhIcrnQV2t6vXAAAB chat g
2019-11-21 16:16:53,986 ERROR 22027 [-/127.0.0.1/-/0ms GET /socket.io/?room=chat&userId=g&EIO=3&transport=polling&t=MwD2HZE&b64=1] in chat controller#########
2019-11-21 16:16:53,986 INFO 22027 [-/127.0.0.1/-/0ms GET /socket.io/?room=chat&userId=g&EIO=3&transport=polling&t=MwD2HZE&b64=1] client2
2019-11-21 16:16:54,390 ERROR 22027 [-/127.0.0.1/-/1ms GET /socket.io/?room=chat&userId=f&EIO=3&transport=polling&t=MwD2GBN&b64=1] in chat controller#########
2019-11-21 16:16:54,390 INFO 22027 [-/127.0.0.1/-/1ms GET /socket.io/?room=chat&userId=f&EIO=3&transport=polling&t=MwD2GBN&b64=1] client1 recv
2019-11-21 16:16:56,992 ERROR 22027 [-/127.0.0.1/-/1ms GET /socket.io/?room=chat&userId=f&EIO=3&transport=polling&t=MwD2GBN&b64=1] in chat controller#########
2019-11-21 16:16:56,992 INFO 22027 [-/127.0.0.1/-/2ms GET /socket.io/?room=chat&userId=f&EIO=3&transport=polling&t=MwD2GBN&b64=1] client1 recv
2019-11-21 16:16:56,995 ERROR 22027 [-/127.0.0.1/-/0ms GET /socket.io/?room=chat&userId=g&EIO=3&transport=polling&t=MwD2HZE&b64=1] in chat controller#########
2019-11-21 16:16:56,995 INFO 22027 [-/127.0.0.1/-/0ms GET /socket.io/?room=chat&userId=g&EIO=3&transport=polling&t=MwD2HZE&b64=1] client2 recv
2019-11-21 16:16:57,395 ERROR 22027 [-/127.0.0.1/-/0ms GET /socket.io/?room=chat&userId=g&EIO=3&transport=polling&t=MwD2HZE&b64=1] in chat controller#########
2019-11-21 16:16:57,396 INFO 22027 [-/127.0.0.1/-/1ms GET /socket.io/?room=chat&userId=g&EIO=3&transport=polling&t=MwD2HZE&b64=1] client2 recv
2019-11-21 16:16:57,398 ERROR 22027 [-/127.0.0.1/-/0ms GET /socket.io/?room=chat&userId=f&EIO=3&transport=polling&t=MwD2GBN&b64=1] in chat controller#########
2019-11-21 16:16:57,398 INFO 22027 [-/127.0.0.1/-/0ms GET /socket.io/?room=chat&userId=f&EIO=3&transport=polling&t=MwD2GBN&b64=1] client1 recv
2019-11-21 16:17:00,006 ERROR 22027 [-/127.0.0.1/-/0ms GET /socket.io/?room=chat&userId=f&EIO=3&transport=polling&t=MwD2GBN&b64=1] in chat controller#########
2019-11-21 16:17:00,006 INFO 22027 [-/127.0.0.1/-/0ms GET /socket.io/?room=chat&userId=f&EIO=3&transport=polling&t=MwD2GBN&b64=1] client1 recv
2019-11-21 16:17:00,010 ERROR 22027 [-/127.0.0.1/-/0ms GET /socket.io/?room=chat&userId=f&EIO=3&transport=polling&t=MwD2GBN&b64=1] in chat controller#########
2019-11-21 16:17:00,010 INFO 22027 [-/127.0.0.1/-/1ms GET /socket.io/?room=chat&userId=f&EIO=3&transport=polling&t=MwD2GBN&b64=1] client1 recv
2019-11-21 16:26:21,108 INFO 22448 [-/127.0.0.1/-/1ms GET /socket.io/?room=chat&userId=f&EIO=3&transport=polling&t=MwD4S0d&b64=1] #user_info T9SqV5vH2-9yhxCZAAAA chat f
2019-11-21 16:26:21,122 INFO 22448 [-/127.0.0.1/-/0ms GET /socket.io/?room=chat&userId=f&EIO=3&transport=polling&t=MwD4S0d&b64=1] client1 hello world!
2019-11-21 16:26:24,139 INFO 22448 [-/127.0.0.1/-/0ms GET /socket.io/?room=chat&userId=f&EIO=3&transport=polling&t=MwD4S0d&b64=1] client1 recv
2019-11-21 16:26:27,159 INFO 22448 [-/127.0.0.1/-/0ms GET /socket.io/?room=chat&userId=f&EIO=3&transport=polling&t=MwD4S0d&b64=1] client1 recv
2019-11-21 16:26:30,164 INFO 22448 [-/127.0.0.1/-/1ms GET /socket.io/?room=chat&userId=f&EIO=3&transport=polling&t=MwD4S0d&b64=1] client1 recv
2019-11-21 16:26:33,183 INFO 22448 [-/127.0.0.1/-/0ms GET /socket.io/?room=chat&userId=f&EIO=3&transport=polling&t=MwD4S0d&b64=1] client1 recv
2019-11-21 16:26:36,200 INFO 22448 [-/127.0.0.1/-/1ms GET /socket.io/?room=chat&userId=f&EIO=3&transport=polling&t=MwD4S0d&b64=1] client1 recv
2019-11-21 16:26:39,218 INFO 22448 [-/127.0.0.1/-/0ms GET /socket.io/?room=chat&userId=f&EIO=3&transport=polling&t=MwD4S0d&b64=1] client1 recv
2019-11-21 16:26:42,235 INFO 22448 [-/127.0.0.1/-/0ms GET /socket.io/?room=chat&userId=f&EIO=3&transport=polling&t=MwD4S0d&b64=1] client1 recv
2019-11-21 16:26:45,251 INFO 22448 [-/127.0.0.1/-/0ms GET /socket.io/?room=chat&userId=f&EIO=3&transport=polling&t=MwD4S0d&b64=1] client1 recv
2019-11-21 16:26:48,266 INFO 22448 [-/127.0.0.1/-/0ms GET /socket.io/?room=chat&userId=f&EIO=3&transport=polling&t=MwD4S0d&b64=1] client1 recv
2019-11-21 16:26:51,275 INFO 22448 [-/127.0.0.1/-/0ms GET /socket.io/?room=chat&userId=f&EIO=3&transport=polling&t=MwD4S0d&b64=1] client1 recv
2019-11-21 16:26:54,291 INFO 22448 [-/127.0.0.1/-/1ms GET /socket.io/?room=chat&userId=f&EIO=3&transport=polling&t=MwD4S0d&b64=1] client1 recv
2019-11-21 16:26:57,309 INFO 22448 [-/127.0.0.1/-/0ms GET /socket.io/?room=chat&userId=f&EIO=3&transport=polling&t=MwD4S0d&b64=1] client1 recv
2019-11-21 16:29:54,830 INFO 22841 [-/127.0.0.1/-/1ms GET /socket.io/?room=chat&userId=f&EIO=3&transport=polling&t=MwD5GC2&b64=1] #user_info J6t_qucBG2ueyPq1AAAA chat f
2019-11-21 16:29:54,844 INFO 22841 [-/127.0.0.1/-/0ms GET /socket.io/?room=chat&userId=f&EIO=3&transport=polling&t=MwD5GC2&b64=1] client1 hello world!
2019-11-21 16:47:12,540 INFO 24171 [-/127.0.0.1/-/1ms GET /socket.io/?room=chat&userId=f&EIO=3&transport=polling&t=MwD9DYF&b64=1] #user_info Ltw1yDTbjO-59HsUAAAA chat f
2019-11-21 16:47:12,554 INFO 24171 [-/127.0.0.1/-/1ms GET /socket.io/?room=chat&userId=f&EIO=3&transport=polling&t=MwD9DYF&b64=1] client1 hello world!
2019-11-21 16:47:29,046 INFO 24171 [-/127.0.0.1/-/0ms GET /socket.io/?room=chat&userId=f&EIO=3&transport=polling&t=MwD9HaF&b64=1] #user_info SFLiZeF81qt_75OqAAAB chat f
2019-11-21 16:47:29,059 INFO 24171 [-/127.0.0.1/-/1ms GET /socket.io/?room=chat&userId=f&EIO=3&transport=polling&t=MwD9HaF&b64=1] client1 hello world!
2019-11-21 16:47:32,076 INFO 24171 [-/127.0.0.1/-/0ms GET /socket.io/?room=chat&userId=f&EIO=3&transport=polling&t=MwD9HaF&b64=1] client1 recv
2019-11-21 16:51:23,741 INFO 24415 [-/127.0.0.1/-/0ms GET /socket.io/?room=chat&userId=f&EIO=3&transport=polling&t=MwDAAtG&b64=1] #user_info dV0iSC3_Q9XYrngcAAAA chat f
2019-11-21 16:51:23,754 INFO 24415 [-/127.0.0.1/-/0ms GET /socket.io/?room=chat&userId=f&EIO=3&transport=polling&t=MwDAAtG&b64=1] client1 hello world!
2019-11-21 16:51:26,770 INFO 24415 [-/127.0.0.1/-/0ms GET /socket.io/?room=chat&userId=f&EIO=3&transport=polling&t=MwDAAtG&b64=1] client1 recv
2019-11-21 16:51:29,784 INFO 24415 [-/127.0.0.1/-/0ms GET /socket.io/?room=chat&userId=f&EIO=3&transport=polling&t=MwDAAtG&b64=1] client1 recv
2019-11-21 16:52:18,477 ERROR 24572 [-/127.0.0.1/-/0ms GET /] nodejs.TypeError: app.redis.set is not a function
    at /home/apple/projects/frontend/eggdemo/app.js:5:23
    at processTicksAndRejections (internal/process/task_queues.js:93:5)

pid: 24572
hostname: apple

2019-11-21 16:52:18,479 ERROR 24578 [-/127.0.0.1/-/0ms GET /] nodejs.TypeError: app.redis.set is not a function
    at /home/apple/projects/frontend/eggdemo/app.js:5:23
    at processTicksAndRejections (internal/process/task_queues.js:93:5)

pid: 24578
hostname: apple

2019-11-21 16:52:18,484 ERROR 24585 [-/127.0.0.1/-/0ms GET /] nodejs.TypeError: app.redis.set is not a function
    at /home/apple/projects/frontend/eggdemo/app.js:5:23
    at processTicksAndRejections (internal/process/task_queues.js:93:5)

pid: 24585
hostname: apple

2019-11-21 16:52:18,479 ERROR 24588 [-/127.0.0.1/-/0ms GET /] nodejs.TypeError: app.redis.set is not a function
    at /home/apple/projects/frontend/eggdemo/app.js:5:23
    at processTicksAndRejections (internal/process/task_queues.js:93:5)

pid: 24588
hostname: apple

2019-11-21 16:52:33,505 ERROR 24682 [-/127.0.0.1/-/0ms GET /] nodejs.TypeError: app.redis.set is not a function
    at /home/apple/projects/frontend/eggdemo/app.js:5:23
    at processTicksAndRejections (internal/process/task_queues.js:93:5)

pid: 24682
hostname: apple

2019-11-21 16:52:33,506 ERROR 24672 [-/127.0.0.1/-/0ms GET /] nodejs.TypeError: app.redis.set is not a function
    at /home/apple/projects/frontend/eggdemo/app.js:5:23
    at processTicksAndRejections (internal/process/task_queues.js:93:5)

pid: 24672
hostname: apple

2019-11-21 16:52:33,513 ERROR 24666 [-/127.0.0.1/-/0ms GET /] nodejs.TypeError: app.redis.set is not a function
    at /home/apple/projects/frontend/eggdemo/app.js:5:23
    at processTicksAndRejections (internal/process/task_queues.js:93:5)

pid: 24666
hostname: apple

2019-11-21 16:52:33,514 ERROR 24675 [-/127.0.0.1/-/1ms GET /] nodejs.TypeError: app.redis.set is not a function
    at /home/apple/projects/frontend/eggdemo/app.js:5:23
    at processTicksAndRejections (internal/process/task_queues.js:93:5)

pid: 24675
hostname: apple

2019-11-21 16:54:26,696 ERROR 24862 [-/127.0.0.1/-/0ms GET /] nodejs.TypeError: app.redis.set is not a function
    at /home/apple/projects/frontend/eggdemo/app.js:5:23
    at processTicksAndRejections (internal/process/task_queues.js:93:5)

pid: 24862
hostname: apple

2019-11-21 16:54:26,712 ERROR 24872 [-/127.0.0.1/-/0ms GET /] nodejs.TypeError: app.redis.set is not a function
    at /home/apple/projects/frontend/eggdemo/app.js:5:23
    at processTicksAndRejections (internal/process/task_queues.js:93:5)

pid: 24872
hostname: apple

2019-11-21 16:55:49,424 ERROR 25000 [-/127.0.0.1/-/0ms GET /] nodejs.TypeError: app.redis.set is not a function
    at /home/apple/projects/frontend/eggdemo/app.js:5:23
    at processTicksAndRejections (internal/process/task_queues.js:93:5)

pid: 25000
hostname: apple

2019-11-21 16:55:49,441 ERROR 25007 [-/127.0.0.1/-/1ms GET /] nodejs.TypeError: app.redis.set is not a function
    at /home/apple/projects/frontend/eggdemo/app.js:5:23
    at processTicksAndRejections (internal/process/task_queues.js:93:5)

pid: 25007
hostname: apple

2019-11-21 16:55:49,443 ERROR 25004 [-/127.0.0.1/-/0ms GET /] nodejs.TypeError: app.redis.set is not a function
    at /home/apple/projects/frontend/eggdemo/app.js:5:23
    at processTicksAndRejections (internal/process/task_queues.js:93:5)

pid: 25004
hostname: apple

2019-11-21 16:57:14,194 ERROR 25152 [-/127.0.0.1/-/1ms GET /] nodejs.TypeError: app.redis.set is not a function
    at /home/apple/projects/frontend/eggdemo/app.js:5:23
    at processTicksAndRejections (internal/process/task_queues.js:93:5)

pid: 25152
hostname: apple

2019-11-21 16:57:14,193 ERROR 25160 [-/127.0.0.1/-/0ms GET /] nodejs.TypeError: app.redis.set is not a function
    at /home/apple/projects/frontend/eggdemo/app.js:5:23
    at processTicksAndRejections (internal/process/task_queues.js:93:5)

pid: 25160
hostname: apple

2019-11-21 16:57:14,210 ERROR 25168 [-/127.0.0.1/-/0ms GET /] nodejs.TypeError: app.redis.set is not a function
    at /home/apple/projects/frontend/eggdemo/app.js:5:23
    at processTicksAndRejections (internal/process/task_queues.js:93:5)

pid: 25168
hostname: apple

2019-11-21 16:57:14,206 ERROR 25158 [-/127.0.0.1/-/0ms GET /] nodejs.TypeError: app.redis.set is not a function
    at /home/apple/projects/frontend/eggdemo/app.js:5:23
    at processTicksAndRejections (internal/process/task_queues.js:93:5)

pid: 25158
hostname: apple

2019-11-21 16:57:38,269 ERROR 25259 [-/127.0.0.1/-/0ms GET /] nodejs.TypeError: app.redis.set is not a function
    at /home/apple/projects/frontend/eggdemo/app.js:5:23
    at processTicksAndRejections (internal/process/task_queues.js:93:5)

pid: 25259
hostname: apple

2019-11-21 16:57:38,275 ERROR 25266 [-/127.0.0.1/-/0ms GET /] nodejs.TypeError: app.redis.set is not a function
    at /home/apple/projects/frontend/eggdemo/app.js:5:23
    at processTicksAndRejections (internal/process/task_queues.js:93:5)

pid: 25266
hostname: apple

2019-11-21 16:57:38,279 ERROR 25257 [-/127.0.0.1/-/0ms GET /] nodejs.TypeError: app.redis.set is not a function
    at /home/apple/projects/frontend/eggdemo/app.js:5:23
    at processTicksAndRejections (internal/process/task_queues.js:93:5)

pid: 25257
hostname: apple

2019-11-21 16:58:03,481 ERROR 25365 [-/127.0.0.1/-/0ms GET /] nodejs.TypeError: app.redis.set is not a function
    at /home/apple/projects/frontend/eggdemo/app.js:5:23
    at processTicksAndRejections (internal/process/task_queues.js:93:5)

pid: 25365
hostname: apple

2019-11-21 16:59:37,329 ERROR 25493 [-/127.0.0.1/-/1ms GET /] nodejs.TypeError: app.redis.set is not a function
    at /home/apple/projects/frontend/eggdemo/app.js:5:23
    at processTicksAndRejections (internal/process/task_queues.js:93:5)

pid: 25493
hostname: apple

2019-11-21 16:59:37,328 ERROR 25491 [-/127.0.0.1/-/1ms GET /] nodejs.TypeError: app.redis.set is not a function
    at /home/apple/projects/frontend/eggdemo/app.js:5:23
    at processTicksAndRejections (internal/process/task_queues.js:93:5)

pid: 25491
hostname: apple

2019-11-21 16:59:37,340 ERROR 25511 [-/127.0.0.1/-/0ms GET /] nodejs.TypeError: app.redis.set is not a function
    at /home/apple/projects/frontend/eggdemo/app.js:5:23
    at processTicksAndRejections (internal/process/task_queues.js:93:5)

pid: 25511
hostname: apple

2019-11-21 16:59:59,829 ERROR 25606 [-/127.0.0.1/-/0ms GET /] nodejs.TypeError: app.redis.set is not a function
    at /home/apple/projects/frontend/eggdemo/app.js:5:23
    at processTicksAndRejections (internal/process/task_queues.js:93:5)

pid: 25606
hostname: apple

2019-11-21 16:59:59,833 ERROR 25598 [-/127.0.0.1/-/1ms GET /] nodejs.TypeError: app.redis.set is not a function
    at /home/apple/projects/frontend/eggdemo/app.js:5:23
    at processTicksAndRejections (internal/process/task_queues.js:93:5)

pid: 25598
hostname: apple

2019-11-21 17:03:37,718 INFO 25747 [-/127.0.0.1/-/0ms GET /socket.io/?room=chat&userId=f&EIO=3&transport=polling&t=MwDC-3f&b64=1] #user_info D0Wo9EktwdR996yWAAAA chat f
2019-11-21 17:03:37,731 INFO 25747 [-/127.0.0.1/-/0ms GET /socket.io/?room=chat&userId=f&EIO=3&transport=polling&t=MwDC-3f&b64=1] client1 hello world!
2019-11-21 17:03:41,797 INFO 25747 [-/127.0.0.1/-/0ms GET /socket.io/?room=chat&userId=f&EIO=3&transport=polling&t=MwDC_3U&b64=1] #user_info CCw756UuEoBnyTudAAAB chat f
2019-11-21 17:03:41,812 INFO 25747 [-/127.0.0.1/-/1ms GET /socket.io/?room=chat&userId=f&EIO=3&transport=polling&t=MwDC_3U&b64=1] client1 hello world!
2019-11-21 17:03:44,825 INFO 25747 [-/127.0.0.1/-/1ms GET /socket.io/?room=chat&userId=f&EIO=3&transport=polling&t=MwDC_3U&b64=1] client1 recv
2019-11-21 17:05:35,023 ERROR 25943 [-/127.0.0.1/-/5ms GET /socket.io/?room=chat&userId=f&EIO=3&transport=polling&t=MwDDQiV&b64=1] null
2019-11-21 19:07:46,639 ERROR 29499 [-/127.0.0.1/-/0ms GET /] nodejs.ReferenceError: app is not defined
    at AppBootHook.willReady (/home/apple/projects/frontend/eggdemo/app.js:38:18)
    at Object.callFn (/home/apple/projects/frontend/eggdemo/node_modules/egg-core/lib/utils/index.js:44:42)
    at /home/apple/projects/frontend/eggdemo/node_modules/egg-core/lib/lifecycle.js:262:13
    at processTicksAndRejections (internal/process/task_queues.js:75:11)

pid: 29499
hostname: apple

2019-11-21 19:07:46,736 ERROR 29506 [-/127.0.0.1/-/0ms GET /] nodejs.ReferenceError: app is not defined
    at AppBootHook.willReady (/home/apple/projects/frontend/eggdemo/app.js:38:18)
    at Object.callFn (/home/apple/projects/frontend/eggdemo/node_modules/egg-core/lib/utils/index.js:44:42)
    at /home/apple/projects/frontend/eggdemo/node_modules/egg-core/lib/lifecycle.js:262:13
    at processTicksAndRejections (internal/process/task_queues.js:75:11)

pid: 29506
hostname: apple

2019-11-21 19:07:46,741 ERROR 29493 [-/127.0.0.1/-/0ms GET /] nodejs.ReferenceError: app is not defined
    at AppBootHook.willReady (/home/apple/projects/frontend/eggdemo/app.js:38:18)
    at Object.callFn (/home/apple/projects/frontend/eggdemo/node_modules/egg-core/lib/utils/index.js:44:42)
    at /home/apple/projects/frontend/eggdemo/node_modules/egg-core/lib/lifecycle.js:262:13
    at processTicksAndRejections (internal/process/task_queues.js:75:11)

pid: 29493
hostname: apple

2019-11-21 19:07:46,783 ERROR 29508 [-/127.0.0.1/-/0ms GET /] nodejs.ReferenceError: app is not defined
    at AppBootHook.willReady (/home/apple/projects/frontend/eggdemo/app.js:38:18)
    at Object.callFn (/home/apple/projects/frontend/eggdemo/node_modules/egg-core/lib/utils/index.js:44:42)
    at /home/apple/projects/frontend/eggdemo/node_modules/egg-core/lib/lifecycle.js:262:13
    at processTicksAndRejections (internal/process/task_queues.js:75:11)

pid: 29508
hostname: apple

2019-11-21 19:07:58,080 ERROR 29612 [-/127.0.0.1/-/0ms GET /] nodejs.ReferenceError: app is not defined
    at AppBootHook.willReady (/home/apple/projects/frontend/eggdemo/app.js:38:18)
    at Object.callFn (/home/apple/projects/frontend/eggdemo/node_modules/egg-core/lib/utils/index.js:44:42)
    at /home/apple/projects/frontend/eggdemo/node_modules/egg-core/lib/lifecycle.js:262:13
    at processTicksAndRejections (internal/process/task_queues.js:75:11)

pid: 29612
hostname: apple

2019-11-21 19:07:58,095 ERROR 29605 [-/127.0.0.1/-/0ms GET /] nodejs.ReferenceError: app is not defined
    at AppBootHook.willReady (/home/apple/projects/frontend/eggdemo/app.js:38:18)
    at Object.callFn (/home/apple/projects/frontend/eggdemo/node_modules/egg-core/lib/utils/index.js:44:42)
    at /home/apple/projects/frontend/eggdemo/node_modules/egg-core/lib/lifecycle.js:262:13
    at processTicksAndRejections (internal/process/task_queues.js:75:11)

pid: 29605
hostname: apple

2019-11-21 20:10:49,429 ERROR 31421 [-/127.0.0.1/-/0ms GET /] nodejs.TypeError: Cannot read property 'on' of null
    at AppBootHook.serverDidReady (/home/apple/projects/frontend/eggdemo/app.js:57:21)
    at Object.callFn (/home/apple/projects/frontend/eggdemo/node_modules/egg-core/lib/utils/index.js:44:21)
    at /home/apple/projects/frontend/eggdemo/node_modules/egg-core/lib/lifecycle.js:204:23
    at processTicksAndRejections (internal/process/task_queues.js:93:5)

pid: 31421
hostname: apple

2019-11-21 20:10:49,413 ERROR 31429 [-/127.0.0.1/-/0ms GET /] nodejs.TypeError: Cannot read property 'on' of null
    at AppBootHook.serverDidReady (/home/apple/projects/frontend/eggdemo/app.js:57:21)
    at Object.callFn (/home/apple/projects/frontend/eggdemo/node_modules/egg-core/lib/utils/index.js:44:21)
    at /home/apple/projects/frontend/eggdemo/node_modules/egg-core/lib/lifecycle.js:204:23
    at processTicksAndRejections (internal/process/task_queues.js:93:5)

pid: 31429
hostname: apple

2019-11-21 20:10:49,519 ERROR 31415 [-/127.0.0.1/-/0ms GET /] nodejs.TypeError: Cannot read property 'on' of null
    at AppBootHook.serverDidReady (/home/apple/projects/frontend/eggdemo/app.js:57:21)
    at Object.callFn (/home/apple/projects/frontend/eggdemo/node_modules/egg-core/lib/utils/index.js:44:21)
    at /home/apple/projects/frontend/eggdemo/node_modules/egg-core/lib/lifecycle.js:204:23
    at processTicksAndRejections (internal/process/task_queues.js:93:5)

pid: 31415
hostname: apple

2019-11-22 14:17:07,720 ERROR 15582 [-/127.0.0.1/-/7ms GET /drink] nodejs.AssertionError: Can't find drink from /home/apple/projects/frontend/eggdemo/app/assets
    at Map.resolve (/home/apple/projects/frontend/eggdemo/node_modules/egg-view/lib/view_manager.js:74:5)
    at async ContextView.[contextView#render] (/home/apple/projects/frontend/eggdemo/node_modules/egg-view/lib/context_view.js:50:22)
    at async DrinkController.index (/home/apple/projects/frontend/eggdemo/app/controller/game/home.js:7:5)
    at async /home/apple/projects/frontend/eggdemo/node_modules/egg-development/app/middleware/egg_loader_trace.js:9:50
    at async xframe (/home/apple/projects/frontend/eggdemo/node_modules/egg-security/lib/middlewares/xframe.js:7:5)
    at async xssProtection (/home/apple/projects/frontend/eggdemo/node_modules/egg-security/lib/middlewares/xssProtection.js:7:5)
    at async nosniff (/home/apple/projects/frontend/eggdemo/node_modules/egg-security/lib/middlewares/nosniff.js:8:5)
    at async noopen (/home/apple/projects/frontend/eggdemo/node_modules/egg-security/lib/middlewares/noopen.js:8:5)
    at async session (/home/apple/projects/frontend/eggdemo/node_modules/koa-session/index.js:41:7)
    at async bodyParser (/home/apple/projects/frontend/eggdemo/node_modules/koa-bodyparser/index.js:86:5)
generatedMessage: false
code: "ERR_ASSERTION"
actual: undefined
expected: true
operator: "=="
pid: 15582
hostname: apple

2019-11-22 14:18:19,448 ERROR 15797 [-/127.0.0.1/-/6ms GET /] nodejs.AssertionError: Can't find viewEngine for /home/apple/projects/frontend/eggdemo/app/view/home.html
    at ContextView.[contextView#render] (/home/apple/projects/frontend/eggdemo/node_modules/egg-view/lib/context_view.js:66:5)
    at async HomeController.index (/home/apple/projects/frontend/eggdemo/app/controller/home.js:7:5)
    at async /home/apple/projects/frontend/eggdemo/node_modules/egg-development/app/middleware/egg_loader_trace.js:9:50
    at async xframe (/home/apple/projects/frontend/eggdemo/node_modules/egg-security/lib/middlewares/xframe.js:7:5)
    at async xssProtection (/home/apple/projects/frontend/eggdemo/node_modules/egg-security/lib/middlewares/xssProtection.js:7:5)
    at async nosniff (/home/apple/projects/frontend/eggdemo/node_modules/egg-security/lib/middlewares/nosniff.js:8:5)
    at async noopen (/home/apple/projects/frontend/eggdemo/node_modules/egg-security/lib/middlewares/noopen.js:8:5)
    at async session (/home/apple/projects/frontend/eggdemo/node_modules/koa-session/index.js:41:7)
    at async bodyParser (/home/apple/projects/frontend/eggdemo/node_modules/koa-bodyparser/index.js:86:5)
    at async /home/apple/projects/frontend/eggdemo/node_modules/koa-static-cache/index.js:53:56
generatedMessage: false
code: "ERR_ASSERTION"
actual: ""
expected: true
operator: "=="
pid: 15797
hostname: apple

2019-11-22 14:18:52,633 ERROR 15797 [-/127.0.0.1/-/2ms GET /drink] nodejs.AssertionError: Can't find viewEngine for /home/apple/projects/frontend/eggdemo/app/view/drink.html
    at ContextView.[contextView#render] (/home/apple/projects/frontend/eggdemo/node_modules/egg-view/lib/context_view.js:66:5)
    at async DrinkController.index (/home/apple/projects/frontend/eggdemo/app/controller/game/home.js:7:5)
    at async /home/apple/projects/frontend/eggdemo/node_modules/egg-development/app/middleware/egg_loader_trace.js:9:50
    at async xframe (/home/apple/projects/frontend/eggdemo/node_modules/egg-security/lib/middlewares/xframe.js:7:5)
    at async xssProtection (/home/apple/projects/frontend/eggdemo/node_modules/egg-security/lib/middlewares/xssProtection.js:7:5)
    at async nosniff (/home/apple/projects/frontend/eggdemo/node_modules/egg-security/lib/middlewares/nosniff.js:8:5)
    at async noopen (/home/apple/projects/frontend/eggdemo/node_modules/egg-security/lib/middlewares/noopen.js:8:5)
    at async session (/home/apple/projects/frontend/eggdemo/node_modules/koa-session/index.js:41:7)
    at async bodyParser (/home/apple/projects/frontend/eggdemo/node_modules/koa-bodyparser/index.js:86:5)
    at async /home/apple/projects/frontend/eggdemo/node_modules/koa-static-cache/index.js:53:56
generatedMessage: false
code: "ERR_ASSERTION"
actual: ""
expected: true
operator: "=="
pid: 15797
hostname: apple

2019-11-22 14:31:24,692 ERROR 16779 [-/127.0.0.1/-/0ms GET /] nodejs.TypeError: Cannot read property 'on' of null
    at AppBootHook.serverDidReady (/home/apple/projects/frontend/eggdemo/app.js:57:21)
    at Object.callFn (/home/apple/projects/frontend/eggdemo/node_modules/egg-core/lib/utils/index.js:44:21)
    at /home/apple/projects/frontend/eggdemo/node_modules/egg-core/lib/lifecycle.js:204:23
    at processTicksAndRejections (internal/process/task_queues.js:93:5)

pid: 16779
hostname: apple

2019-11-22 14:31:24,692 ERROR 16781 [-/127.0.0.1/-/1ms GET /] nodejs.TypeError: Cannot read property 'on' of null
    at AppBootHook.serverDidReady (/home/apple/projects/frontend/eggdemo/app.js:57:21)
    at Object.callFn (/home/apple/projects/frontend/eggdemo/node_modules/egg-core/lib/utils/index.js:44:21)
    at /home/apple/projects/frontend/eggdemo/node_modules/egg-core/lib/lifecycle.js:204:23
    at processTicksAndRejections (internal/process/task_queues.js:93:5)

pid: 16781
hostname: apple

2019-11-22 14:31:24,722 ERROR 16790 [-/127.0.0.1/-/0ms GET /] nodejs.TypeError: Cannot read property 'on' of null
    at AppBootHook.serverDidReady (/home/apple/projects/frontend/eggdemo/app.js:57:21)
    at Object.callFn (/home/apple/projects/frontend/eggdemo/node_modules/egg-core/lib/utils/index.js:44:21)
    at /home/apple/projects/frontend/eggdemo/node_modules/egg-core/lib/lifecycle.js:204:23
    at processTicksAndRejections (internal/process/task_queues.js:93:5)

pid: 16790
hostname: apple

2019-11-22 14:33:24,062 ERROR 16969 [-/127.0.0.1/-/0ms GET /] nodejs.TypeError: Cannot read property 'on' of null
    at AppBootHook.serverDidReady (/home/apple/projects/frontend/eggdemo/app.js:57:21)
    at Object.callFn (/home/apple/projects/frontend/eggdemo/node_modules/egg-core/lib/utils/index.js:44:21)
    at /home/apple/projects/frontend/eggdemo/node_modules/egg-core/lib/lifecycle.js:204:23
    at processTicksAndRejections (internal/process/task_queues.js:93:5)

pid: 16969
hostname: apple

2019-11-22 14:33:24,097 ERROR 16989 [-/127.0.0.1/-/0ms GET /] nodejs.TypeError: Cannot read property 'on' of null
    at AppBootHook.serverDidReady (/home/apple/projects/frontend/eggdemo/app.js:57:21)
    at Object.callFn (/home/apple/projects/frontend/eggdemo/node_modules/egg-core/lib/utils/index.js:44:21)
    at /home/apple/projects/frontend/eggdemo/node_modules/egg-core/lib/lifecycle.js:204:23
    at processTicksAndRejections (internal/process/task_queues.js:93:5)

pid: 16989
hostname: apple

2019-11-22 14:58:33,189 ERROR 17425 [-/127.0.0.1/-/0ms GET /] nodejs.TypeError: Cannot read property 'on' of null
    at AppBootHook.serverDidReady (/home/apple/projects/frontend/eggdemo/app.js:57:21)
    at Object.callFn (/home/apple/projects/frontend/eggdemo/node_modules/egg-core/lib/utils/index.js:44:21)
    at /home/apple/projects/frontend/eggdemo/node_modules/egg-core/lib/lifecycle.js:204:23
    at processTicksAndRejections (internal/process/task_queues.js:93:5)

pid: 17425
hostname: apple

2019-11-22 14:58:33,253 ERROR 17434 [-/127.0.0.1/-/0ms GET /] nodejs.TypeError: Cannot read property 'on' of null
    at AppBootHook.serverDidReady (/home/apple/projects/frontend/eggdemo/app.js:57:21)
    at Object.callFn (/home/apple/projects/frontend/eggdemo/node_modules/egg-core/lib/utils/index.js:44:21)
    at /home/apple/projects/frontend/eggdemo/node_modules/egg-core/lib/lifecycle.js:204:23
    at processTicksAndRejections (internal/process/task_queues.js:93:5)

pid: 17434
hostname: apple

2019-11-22 15:07:39,208 WARN 17831 [-/127.0.0.1/-/2ms GET /api/game/drink] nodejs.UnprocessableEntityError: Validation Failed
    at Object.throw (/home/apple/projects/frontend/eggdemo/node_modules/koa/lib/context.js:97:11)
    at Object.validate (/home/apple/projects/frontend/eggdemo/node_modules/egg-validate/app/extend/context.js:14:17)
    at DrinkController.index (/home/apple/projects/frontend/eggdemo/app/controller/game/drink.js:11:14)
    at Object.callFn (/home/apple/projects/frontend/eggdemo/node_modules/egg-core/lib/utils/index.js:44:21)
    at Object.classControllerMiddleware (/home/apple/projects/frontend/eggdemo/node_modules/egg-core/lib/loader/mixin/controller.js:87:20)
    at Object.callFn (/home/apple/projects/frontend/eggdemo/node_modules/@eggjs/router/lib/utils.js:12:21)
    at wrappedController (/home/apple/projects/frontend/eggdemo/node_modules/@eggjs/router/lib/egg_router.js:322:18)
    at dispatch (/home/apple/projects/frontend/eggdemo/node_modules/koa-compose/index.js:44:32)
    at next (/home/apple/projects/frontend/eggdemo/node_modules/koa-compose/index.js:45:18)
    at /home/apple/projects/frontend/eggdemo/node_modules/@eggjs/router/lib/router.js:190:18
message: "Validation Failed"
code: "invalid_param"
errors: [{"message":"required","field":"openid","code":"missing_field"},{"message":"required","field":"unionid","code":"missing_field"}]
pid: 17831
hostname: apple

2019-11-22 18:50:00,991 ERROR 25920 [-/127.0.0.1/-/0ms GET /] nodejs.TypeError: Cannot read property 'on' of null
    at AppBootHook.serverDidReady (/home/apple/projects/frontend/eggdemo/app.js:57:21)
    at Object.callFn (/home/apple/projects/frontend/eggdemo/node_modules/egg-core/lib/utils/index.js:44:21)
    at /home/apple/projects/frontend/eggdemo/node_modules/egg-core/lib/lifecycle.js:204:23
    at processTicksAndRejections (internal/process/task_queues.js:93:5)

pid: 25920
hostname: apple

2019-11-22 18:50:00,992 ERROR 25927 [-/127.0.0.1/-/0ms GET /] nodejs.TypeError: Cannot read property 'on' of null
    at AppBootHook.serverDidReady (/home/apple/projects/frontend/eggdemo/app.js:57:21)
    at Object.callFn (/home/apple/projects/frontend/eggdemo/node_modules/egg-core/lib/utils/index.js:44:21)
    at /home/apple/projects/frontend/eggdemo/node_modules/egg-core/lib/lifecycle.js:204:23
    at processTicksAndRejections (internal/process/task_queues.js:93:5)

pid: 25927
hostname: apple

2019-11-22 18:50:01,005 ERROR 25935 [-/127.0.0.1/-/0ms GET /] nodejs.TypeError: Cannot read property 'on' of null
    at AppBootHook.serverDidReady (/home/apple/projects/frontend/eggdemo/app.js:57:21)
    at Object.callFn (/home/apple/projects/frontend/eggdemo/node_modules/egg-core/lib/utils/index.js:44:21)
    at /home/apple/projects/frontend/eggdemo/node_modules/egg-core/lib/lifecycle.js:204:23
    at processTicksAndRejections (internal/process/task_queues.js:93:5)

pid: 25935
hostname: apple

2019-11-22 18:51:03,241 ERROR 25991 [-/127.0.0.1/-/0ms GET /] nodejs.AssertionError: can't find middleware: drink_auth !
    at /home/apple/projects/frontend/eggdemo/node_modules/egg-socket.io/lib/io.js:40:11
    at Object.callFn (/home/apple/projects/frontend/eggdemo/node_modules/egg-core/lib/utils/index.js:44:42)
    at /home/apple/projects/frontend/eggdemo/node_modules/egg-core/lib/lifecycle.js:262:13
    at processTicksAndRejections (internal/process/task_queues.js:75:11)
generatedMessage: false
code: "ERR_ASSERTION"
actual: undefined
expected: true
operator: "=="
pid: 25991
hostname: apple

2019-11-22 18:51:03,273 ERROR 25998 [-/127.0.0.1/-/0ms GET /] nodejs.AssertionError: can't find middleware: drink_auth !
    at /home/apple/projects/frontend/eggdemo/node_modules/egg-socket.io/lib/io.js:40:11
    at Object.callFn (/home/apple/projects/frontend/eggdemo/node_modules/egg-core/lib/utils/index.js:44:42)
    at /home/apple/projects/frontend/eggdemo/node_modules/egg-core/lib/lifecycle.js:262:13
    at processTicksAndRejections (internal/process/task_queues.js:75:11)
generatedMessage: false
code: "ERR_ASSERTION"
actual: undefined
expected: true
operator: "=="
pid: 25998
hostname: apple

2019-11-22 18:51:03,338 ERROR 26000 [-/127.0.0.1/-/0ms GET /] nodejs.AssertionError: can't find middleware: drink_auth !
    at /home/apple/projects/frontend/eggdemo/node_modules/egg-socket.io/lib/io.js:40:11
    at Object.callFn (/home/apple/projects/frontend/eggdemo/node_modules/egg-core/lib/utils/index.js:44:42)
    at /home/apple/projects/frontend/eggdemo/node_modules/egg-core/lib/lifecycle.js:262:13
    at processTicksAndRejections (internal/process/task_queues.js:75:11)
generatedMessage: false
code: "ERR_ASSERTION"
actual: undefined
expected: true
operator: "=="
pid: 26000
hostname: apple

2019-11-22 18:51:03,402 ERROR 25993 [-/127.0.0.1/-/0ms GET /] nodejs.AssertionError: can't find middleware: drink_auth !
    at /home/apple/projects/frontend/eggdemo/node_modules/egg-socket.io/lib/io.js:40:11
    at Object.callFn (/home/apple/projects/frontend/eggdemo/node_modules/egg-core/lib/utils/index.js:44:42)
    at /home/apple/projects/frontend/eggdemo/node_modules/egg-core/lib/lifecycle.js:262:13
    at processTicksAndRejections (internal/process/task_queues.js:75:11)
generatedMessage: false
code: "ERR_ASSERTION"
actual: undefined
expected: true
operator: "=="
pid: 25993
hostname: apple

2019-11-22 18:52:41,000 ERROR 26148 [-/127.0.0.1/-/0ms GET /] nodejs.AssertionError: can't find middleware: drink_auth !
    at /home/apple/projects/frontend/eggdemo/node_modules/egg-socket.io/lib/io.js:40:11
    at Object.callFn (/home/apple/projects/frontend/eggdemo/node_modules/egg-core/lib/utils/index.js:44:42)
    at /home/apple/projects/frontend/eggdemo/node_modules/egg-core/lib/lifecycle.js:262:13
    at processTicksAndRejections (internal/process/task_queues.js:75:11)
generatedMessage: false
code: "ERR_ASSERTION"
actual: undefined
expected: true
operator: "=="
pid: 26148
hostname: apple

2019-11-22 18:54:52,658 INFO 26643 [-/127.0.0.1/-/2ms GET /socket.io/?room=demo&userId=client_0.4178278014483632&EIO=3&transport=websocket] #join demo
2019-11-22 18:58:10,361 INFO 26882 [-/127.0.0.1/-/1ms GET /socket.io/?room=demo&userId=client_0.6781322687563331&EIO=3&transport=websocket] #join demo
2019-11-22 18:58:10,369 INFO 26882 [-/127.0.0.1/-/7ms GET /socket.io/?room=demo&userId=client_0.6781322687563331&EIO=3&transport=websocket] #online_join [ '/drink#s1ru3ZFDGcn_t370AAAA' ]
2019-11-22 18:58:19,628 INFO 26882 [-/127.0.0.1/-/1ms GET /socket.io/?room=demo&userId=client_0.3993361750353881&EIO=3&transport=websocket] #join demo
2019-11-22 18:58:19,630 INFO 26882 [-/127.0.0.1/-/3ms GET /socket.io/?room=demo&userId=client_0.3993361750353881&EIO=3&transport=websocket] #online_join [ '/drink#s1ru3ZFDGcn_t370AAAA', '/drink#zVOqD4i7tl7BgVxzAAAB' ]
2019-11-22 18:58:33,179 INFO 26882 [-/127.0.0.1/-/1ms GET /socket.io/?room=demo&userId=client_0.36793918190342656&EIO=3&transport=websocket] #join demo
2019-11-22 18:58:33,181 INFO 26882 [-/127.0.0.1/-/3ms GET /socket.io/?room=demo&userId=client_0.36793918190342656&EIO=3&transport=websocket] #online_join [
  '/drink#s1ru3ZFDGcn_t370AAAA',
  '/drink#zVOqD4i7tl7BgVxzAAAB',
  '/drink#Sg3SnChCf1TzCRcfAAAC'
]
2019-11-22 18:58:55,120 INFO 26882 [-/127.0.0.1/-/1ms GET /socket.io/?room=demo&userId=client_0.46111580267935004&EIO=3&transport=websocket] #join demo
2019-11-22 18:58:55,125 INFO 26882 [-/127.0.0.1/-/6ms GET /socket.io/?room=demo&userId=client_0.46111580267935004&EIO=3&transport=websocket] #online_join [
  '/drink#s1ru3ZFDGcn_t370AAAA',
  '/drink#zVOqD4i7tl7BgVxzAAAB',
  '/drink#ODd875ugz9jspfo_AAAD'
]
2019-11-22 18:59:03,573 INFO 26882 [-/127.0.0.1/-/2ms GET /socket.io/?room=demo&userId=client_0.184120843306685&EIO=3&transport=websocket] #join demo
2019-11-22 18:59:03,575 INFO 26882 [-/127.0.0.1/-/4ms GET /socket.io/?room=demo&userId=client_0.184120843306685&EIO=3&transport=websocket] #online_join [
  '/drink#s1ru3ZFDGcn_t370AAAA',
  '/drink#zVOqD4i7tl7BgVxzAAAB',
  '/drink#x1kE-bd8aVjSvf6tAAAE'
]
2019-11-22 19:00:00,499 INFO 26882 [-/127.0.0.1/-/2ms GET /socket.io/?room=demo&userId=client_0.1766956859734059&EIO=3&transport=websocket] #join demo
2019-11-22 19:00:00,502 INFO 26882 [-/127.0.0.1/-/5ms GET /socket.io/?room=demo&userId=client_0.1766956859734059&EIO=3&transport=websocket] #online_join [
  '/drink#s1ru3ZFDGcn_t370AAAA',
  '/drink#zVOqD4i7tl7BgVxzAAAB',
  '/drink#VCllkvduuLxWViuMAAAF'
]
2019-11-22 19:06:00,085 INFO 27166 [-/127.0.0.1/-/0ms GET /socket.io/?room=demo&userId=client_0.1766956859734059&EIO=3&transport=websocket] #join demo
2019-11-22 19:06:00,087 INFO 27166 [-/127.0.0.1/-/3ms GET /socket.io/?room=demo&userId=client_0.1766956859734059&EIO=3&transport=websocket] #online_join [ '/drink#fFfzA80pkhypNwUrAAAA' ]
2019-11-22 19:06:00,091 ERROR 27186 [-/127.0.0.1/-/0ms GET /] nodejs.TypeError: Cannot read property 'on' of null
    at AppBootHook.serverDidReady (/home/apple/projects/frontend/eggdemo/app.js:59:21)
    at Object.callFn (/home/apple/projects/frontend/eggdemo/node_modules/egg-core/lib/utils/index.js:44:21)
    at /home/apple/projects/frontend/eggdemo/node_modules/egg-core/lib/lifecycle.js:204:23
    at processTicksAndRejections (internal/process/task_queues.js:93:5)

pid: 27186
hostname: apple

2019-11-22 19:06:00,141 ERROR 27173 [-/127.0.0.1/-/0ms GET /] nodejs.TypeError: Cannot read property 'on' of null
    at AppBootHook.serverDidReady (/home/apple/projects/frontend/eggdemo/app.js:59:21)
    at Object.callFn (/home/apple/projects/frontend/eggdemo/node_modules/egg-core/lib/utils/index.js:44:21)
    at /home/apple/projects/frontend/eggdemo/node_modules/egg-core/lib/lifecycle.js:204:23
    at processTicksAndRejections (internal/process/task_queues.js:93:5)

pid: 27173
hostname: apple

2019-11-22 19:06:00,149 ERROR 27168 [-/127.0.0.1/-/0ms GET /] nodejs.TypeError: Cannot read property 'on' of null
    at AppBootHook.serverDidReady (/home/apple/projects/frontend/eggdemo/app.js:59:21)
    at Object.callFn (/home/apple/projects/frontend/eggdemo/node_modules/egg-core/lib/utils/index.js:44:21)
    at /home/apple/projects/frontend/eggdemo/node_modules/egg-core/lib/lifecycle.js:204:23
    at processTicksAndRejections (internal/process/task_queues.js:93:5)

pid: 27168
hostname: apple

2019-11-22 19:06:00,723 INFO 27168 [-/127.0.0.1/-/1ms GET /socket.io/?room=demo&userId=client_0.3993361750353881&EIO=3&transport=websocket] #join demo
2019-11-22 19:06:00,727 INFO 27168 [-/127.0.0.1/-/4ms GET /socket.io/?room=demo&userId=client_0.3993361750353881&EIO=3&transport=websocket] #online_join [ '/drink#fFfzA80pkhypNwUrAAAA', '/drink#4975B7aQeMJZLOkXAAAA' ]
2019-11-22 19:06:01,783 INFO 27168 [-/127.0.0.1/-/2ms GET /socket.io/?room=demo&userId=client_0.6781322687563331&EIO=3&transport=websocket] #join demo
2019-11-22 19:06:01,790 INFO 27168 [-/127.0.0.1/-/9ms GET /socket.io/?room=demo&userId=client_0.6781322687563331&EIO=3&transport=websocket] #online_join [
  '/drink#fFfzA80pkhypNwUrAAAA',
  '/drink#4975B7aQeMJZLOkXAAAA',
  '/drink#i2U5xRTyL_n92woQAAAB'
]
2019-11-22 19:18:03,752 INFO 27452 [-/127.0.0.1/-/2ms GET /socket.io/?room=demo&userId=client_0.3993361750353881&EIO=3&transport=websocket] #join demo
2019-11-22 19:18:03,761 INFO 27452 [-/127.0.0.1/-/10ms GET /socket.io/?room=demo&userId=client_0.3993361750353881&EIO=3&transport=websocket] #online_join [ '/drink#Pu-YjejgZlAXn7ihAAAA' ]
2019-11-22 19:18:03,773 INFO 27452 [-/127.0.0.1/-/0ms GET /socket.io/?room=demo&userId=client_0.6781322687563331&EIO=3&transport=websocket] #join demo
2019-11-22 19:18:03,775 INFO 27452 [-/127.0.0.1/-/2ms GET /socket.io/?room=demo&userId=client_0.6781322687563331&EIO=3&transport=websocket] #online_join [ '/drink#Pu-YjejgZlAXn7ihAAAA', '/drink#59H8Pv2bIsDWlC-UAAAB' ]
2019-11-22 19:18:06,554 INFO 27452 [-/127.0.0.1/-/0ms GET /socket.io/?room=demo&userId=client_0.1766956859734059&EIO=3&transport=websocket] #join demo
2019-11-22 19:18:06,556 INFO 27452 [-/127.0.0.1/-/2ms GET /socket.io/?room=demo&userId=client_0.1766956859734059&EIO=3&transport=websocket] #online_join [
  '/drink#Pu-YjejgZlAXn7ihAAAA',
  '/drink#59H8Pv2bIsDWlC-UAAAB',
  '/drink#td2adXSYSvmmaUl6AAAC'
]
2019-11-22 19:48:45,234 ERROR 27796 [-/127.0.0.1/-/1ms GET /] nodejs.TypeError: Cannot read property 'on' of null
    at AppBootHook.serverDidReady (/home/apple/projects/frontend/eggdemo/app.js:103:21)
    at Object.callFn (/home/apple/projects/frontend/eggdemo/node_modules/egg-core/lib/utils/index.js:44:21)
    at /home/apple/projects/frontend/eggdemo/node_modules/egg-core/lib/lifecycle.js:204:23
    at processTicksAndRejections (internal/process/task_queues.js:93:5)

pid: 27796
hostname: apple

2019-11-22 19:48:45,320 INFO 27796 [-/127.0.0.1/-/1ms GET /socket.io/?room=demo&userId=client_0.1766956859734059&EIO=3&transport=websocket] #join demo
2019-11-22 19:48:45,322 INFO 27796 [-/127.0.0.1/-/3ms GET /socket.io/?room=demo&userId=client_0.1766956859734059&EIO=3&transport=websocket] #online_join [ '/drink#dZWNA3Fgj3hPLq1DAAAA' ]
2019-11-22 19:48:45,270 ERROR 27802 [-/127.0.0.1/-/1ms GET /] nodejs.TypeError: Cannot read property 'on' of null
    at AppBootHook.serverDidReady (/home/apple/projects/frontend/eggdemo/app.js:103:21)
    at Object.callFn (/home/apple/projects/frontend/eggdemo/node_modules/egg-core/lib/utils/index.js:44:21)
    at /home/apple/projects/frontend/eggdemo/node_modules/egg-core/lib/lifecycle.js:204:23
    at processTicksAndRejections (internal/process/task_queues.js:93:5)

pid: 27802
hostname: apple

2019-11-22 19:48:45,757 INFO 27802 [-/127.0.0.1/-/3ms GET /socket.io/?room=demo&userId=client_0.3993361750353881&EIO=3&transport=websocket] #join demo
2019-11-22 19:48:45,773 INFO 27802 [-/127.0.0.1/-/17ms GET /socket.io/?room=demo&userId=client_0.3993361750353881&EIO=3&transport=websocket] #online_join [ '/drink#dZWNA3Fgj3hPLq1DAAAA', '/drink#r1oSXpE9SIo97O8mAAAA' ]
2019-11-22 19:48:45,776 INFO 27802 [-/127.0.0.1/-/0ms GET /socket.io/?room=demo&userId=client_0.6781322687563331&EIO=3&transport=websocket] #join demo
2019-11-22 19:48:45,779 INFO 27802 [-/127.0.0.1/-/3ms GET /socket.io/?room=demo&userId=client_0.6781322687563331&EIO=3&transport=websocket] #online_join [
  '/drink#r1oSXpE9SIo97O8mAAAA',
  '/drink#X0OooIMDEoaQo3KkAAAB',
  '/drink#dZWNA3Fgj3hPLq1DAAAA'
]
2019-11-22 19:48:45,333 ERROR 27812 [-/127.0.0.1/-/0ms GET /] nodejs.TypeError: Cannot read property 'on' of null
    at AppBootHook.serverDidReady (/home/apple/projects/frontend/eggdemo/app.js:103:21)
    at Object.callFn (/home/apple/projects/frontend/eggdemo/node_modules/egg-core/lib/utils/index.js:44:21)
    at /home/apple/projects/frontend/eggdemo/node_modules/egg-core/lib/lifecycle.js:204:23
    at processTicksAndRejections (internal/process/task_queues.js:93:5)

pid: 27812
hostname: apple

2019-11-22 19:48:47,390 INFO 27802 [-/127.0.0.1/-/1ms GET /socket.io/?room=demo&userId=client_0.6658573072953715&EIO=3&transport=websocket] #join demo
2019-11-22 19:48:47,392 INFO 27802 [-/127.0.0.1/-/3ms GET /socket.io/?room=demo&userId=client_0.6658573072953715&EIO=3&transport=websocket] #online_join [
  '/drink#r1oSXpE9SIo97O8mAAAA',
  '/drink#X0OooIMDEoaQo3KkAAAB',
  '/drink#kgXoikYURxm5AGkLAAAC'
]
2019-11-22 20:05:00,863 INFO 27802 [-/127.0.0.1/-/1ms GET /socket.io/?room=demo&unionid=a&EIO=3&transport=websocket] #join demo
2019-11-22 20:05:00,867 INFO 27802 [-/127.0.0.1/-/5ms GET /socket.io/?room=demo&unionid=a&EIO=3&transport=websocket] #online_join [ '/drink#C4hSMMcmgteUAQlmAAAD' ]
2019-11-22 20:05:11,952 INFO 27802 [-/127.0.0.1/-/1ms GET /socket.io/?room=demo&unionid=a&EIO=3&transport=websocket] #join demo
2019-11-22 20:05:11,955 INFO 27802 [-/127.0.0.1/-/4ms GET /socket.io/?room=demo&unionid=a&EIO=3&transport=websocket] #online_join [ '/drink#XHkITx27MyNdECRYAAAE' ]
2019-11-22 20:07:30,078 ERROR 28439 [-/127.0.0.1/-/0ms GET /] nodejs.TypeError: Cannot read property 'on' of null
    at AppBootHook.serverDidReady (/home/apple/projects/frontend/eggdemo/app.js:103:21)
    at Object.callFn (/home/apple/projects/frontend/eggdemo/node_modules/egg-core/lib/utils/index.js:44:21)
    at /home/apple/projects/frontend/eggdemo/node_modules/egg-core/lib/lifecycle.js:204:23
    at processTicksAndRejections (internal/process/task_queues.js:93:5)

pid: 28439
hostname: apple

2019-11-22 20:07:30,125 INFO 28439 [-/127.0.0.1/-/2ms GET /socket.io/?room=demo&unionid=a&EIO=3&transport=websocket] #join demo
2019-11-22 20:07:30,086 ERROR 28457 [-/127.0.0.1/-/0ms GET /] nodejs.TypeError: Cannot read property 'on' of null
    at AppBootHook.serverDidReady (/home/apple/projects/frontend/eggdemo/app.js:103:21)
    at Object.callFn (/home/apple/projects/frontend/eggdemo/node_modules/egg-core/lib/utils/index.js:44:21)
    at /home/apple/projects/frontend/eggdemo/node_modules/egg-core/lib/lifecycle.js:204:23
    at processTicksAndRejections (internal/process/task_queues.js:93:5)

pid: 28457
hostname: apple

2019-11-22 20:07:30,172 ERROR 28441 [-/127.0.0.1/-/1ms GET /] nodejs.TypeError: Cannot read property 'on' of null
    at AppBootHook.serverDidReady (/home/apple/projects/frontend/eggdemo/app.js:103:21)
    at Object.callFn (/home/apple/projects/frontend/eggdemo/node_modules/egg-core/lib/utils/index.js:44:21)
    at /home/apple/projects/frontend/eggdemo/node_modules/egg-core/lib/lifecycle.js:204:23
    at processTicksAndRejections (internal/process/task_queues.js:93:5)

pid: 28441
hostname: apple

2019-11-22 20:07:35,130 INFO 28439 [-/127.0.0.1/-/5006ms GET /socket.io/?room=demo&unionid=a&EIO=3&transport=websocket] #online_join [ '/drink#JDyMyzTqb5f4vL7gAAAA' ]
2019-11-22 20:08:48,472 INFO 28563 [-/127.0.0.1/-/2ms GET /socket.io/?room=demo&unionid=a&EIO=3&transport=websocket] #join demo
2019-11-22 20:08:48,476 INFO 28563 [-/127.0.0.1/-/5ms GET /socket.io/?room=demo&unionid=a&EIO=3&transport=websocket] #online_join [ '/drink#e10zCNZMpo9f4Q-HAAAA' ]
2019-11-22 20:08:59,126 INFO 28563 [-/127.0.0.1/-/0ms GET /socket.io/?room=demo&unionid=a&EIO=3&transport=websocket] #join demo
2019-11-22 20:08:59,127 INFO 28563 [-/127.0.0.1/-/2ms GET /socket.io/?room=demo&unionid=a&EIO=3&transport=websocket] #online_join [ '/drink#e10zCNZMpo9f4Q-HAAAA', '/drink#fgbgD3cdw8YKfkFsAAAB' ]
2019-11-22 20:11:24,728 ERROR 28687 [-/127.0.0.1/-/1ms GET /] nodejs.TypeError: Cannot read property 'on' of null
    at AppBootHook.serverDidReady (/home/apple/projects/frontend/eggdemo/app.js:103:21)
    at Object.callFn (/home/apple/projects/frontend/eggdemo/node_modules/egg-core/lib/utils/index.js:44:21)
    at /home/apple/projects/frontend/eggdemo/node_modules/egg-core/lib/lifecycle.js:204:23
    at processTicksAndRejections (internal/process/task_queues.js:93:5)

pid: 28687
hostname: apple

2019-11-22 20:11:24,783 ERROR 28674 [-/127.0.0.1/-/0ms GET /] nodejs.TypeError: Cannot read property 'on' of null
    at AppBootHook.serverDidReady (/home/apple/projects/frontend/eggdemo/app.js:103:21)
    at Object.callFn (/home/apple/projects/frontend/eggdemo/node_modules/egg-core/lib/utils/index.js:44:21)
    at /home/apple/projects/frontend/eggdemo/node_modules/egg-core/lib/lifecycle.js:204:23
    at processTicksAndRejections (internal/process/task_queues.js:93:5)

pid: 28674
hostname: apple

2019-11-22 20:11:24,733 ERROR 28690 [-/127.0.0.1/-/0ms GET /] nodejs.TypeError: Cannot read property 'on' of null
    at AppBootHook.serverDidReady (/home/apple/projects/frontend/eggdemo/app.js:103:21)
    at Object.callFn (/home/apple/projects/frontend/eggdemo/node_modules/egg-core/lib/utils/index.js:44:21)
    at /home/apple/projects/frontend/eggdemo/node_modules/egg-core/lib/lifecycle.js:204:23
    at processTicksAndRejections (internal/process/task_queues.js:93:5)

pid: 28690
hostname: apple

2019-11-22 20:49:27,872 INFO 29969 [-/127.0.0.1/-/2ms GET /socket.io/?room=demo&unionid=a&EIO=3&transport=websocket] #join demo
2019-11-22 20:49:27,876 INFO 29969 [-/127.0.0.1/-/6ms GET /socket.io/?room=demo&unionid=a&EIO=3&transport=websocket] #online_join [ '/drink#fBU0kRTbL3vdtXrtAAAA' ]
2019-11-22 20:49:32,210 INFO 30070 [-/127.0.0.1/-/11ms GET /socket.io/?room=demo&unionid=a&EIO=3&transport=websocket] #join demo
2019-11-22 20:49:32,221 INFO 30070 [-/127.0.0.1/-/19ms GET /socket.io/?room=demo&unionid=a&EIO=3&transport=websocket] #online_join [ '/drink#NibCJ8UBHLSymA8MAAAA' ]
2019-11-22 20:51:58,700 ERROR 30135 [-/127.0.0.1/-/0ms GET /] nodejs.TypeError: Cannot read property 'on' of null
    at AppBootHook.serverDidReady (/home/apple/projects/frontend/eggdemo/app.js:103:21)
    at Object.callFn (/home/apple/projects/frontend/eggdemo/node_modules/egg-core/lib/utils/index.js:44:21)
    at /home/apple/projects/frontend/eggdemo/node_modules/egg-core/lib/lifecycle.js:204:23
    at processTicksAndRejections (internal/process/task_queues.js:93:5)

pid: 30135
hostname: apple

2019-11-22 20:51:58,768 ERROR 30143 [-/127.0.0.1/-/1ms GET /] nodejs.TypeError: Cannot read property 'on' of null
    at AppBootHook.serverDidReady (/home/apple/projects/frontend/eggdemo/app.js:103:21)
    at Object.callFn (/home/apple/projects/frontend/eggdemo/node_modules/egg-core/lib/utils/index.js:44:21)
    at /home/apple/projects/frontend/eggdemo/node_modules/egg-core/lib/lifecycle.js:204:23
    at processTicksAndRejections (internal/process/task_queues.js:93:5)

pid: 30143
hostname: apple

2019-11-22 20:52:24,771 INFO 30274 [-/127.0.0.1/-/2ms GET /socket.io/?room=demo&unionid=a&EIO=3&transport=websocket] #join demo
2019-11-22 20:52:24,774 INFO 30274 [-/127.0.0.1/-/5ms GET /socket.io/?room=demo&unionid=a&EIO=3&transport=websocket] #online_join [ '/drink#JIz8Euy9LWrSmCfhAAAA' ]
2019-11-22 20:58:07,764 ERROR 30406 [-/127.0.0.1/-/0ms GET /] nodejs.TypeError: Cannot read property 'on' of null
    at AppBootHook.serverDidReady (/home/apple/projects/frontend/eggdemo/app.js:103:21)
    at Object.callFn (/home/apple/projects/frontend/eggdemo/node_modules/egg-core/lib/utils/index.js:44:21)
    at /home/apple/projects/frontend/eggdemo/node_modules/egg-core/lib/lifecycle.js:204:23
    at processTicksAndRejections (internal/process/task_queues.js:93:5)

pid: 30406
hostname: apple

2019-11-22 20:58:07,764 ERROR 30398 [-/127.0.0.1/-/0ms GET /] nodejs.TypeError: Cannot read property 'on' of null
    at AppBootHook.serverDidReady (/home/apple/projects/frontend/eggdemo/app.js:103:21)
    at Object.callFn (/home/apple/projects/frontend/eggdemo/node_modules/egg-core/lib/utils/index.js:44:21)
    at /home/apple/projects/frontend/eggdemo/node_modules/egg-core/lib/lifecycle.js:204:23
    at processTicksAndRejections (internal/process/task_queues.js:93:5)

pid: 30398
hostname: apple

2019-11-22 20:58:07,820 ERROR 30404 [-/127.0.0.1/-/0ms GET /] nodejs.TypeError: Cannot read property 'on' of null
    at AppBootHook.serverDidReady (/home/apple/projects/frontend/eggdemo/app.js:103:21)
    at Object.callFn (/home/apple/projects/frontend/eggdemo/node_modules/egg-core/lib/utils/index.js:44:21)
    at /home/apple/projects/frontend/eggdemo/node_modules/egg-core/lib/lifecycle.js:204:23
    at processTicksAndRejections (internal/process/task_queues.js:93:5)

pid: 30404
hostname: apple

2019-11-22 20:58:08,274 INFO 30404 [-/127.0.0.1/-/1ms GET /socket.io/?room=demo&unionid=a&EIO=3&transport=websocket] #join demo
2019-11-22 20:58:08,277 INFO 30404 [-/127.0.0.1/-/3ms GET /socket.io/?room=demo&unionid=a&EIO=3&transport=websocket] #online_join [ '/drink#e7Vv_QfdOcMZERLhAAAA' ]
2019-11-22 20:58:16,952 INFO 30404 [-/127.0.0.1/-/0ms GET /socket.io/?room=demo&unionid=a&EIO=3&transport=websocket] #join demo
2019-11-22 20:58:16,957 INFO 30404 [-/127.0.0.1/-/6ms GET /socket.io/?room=demo&unionid=a&EIO=3&transport=websocket] #online_join [ '/drink#EMNrfp3Ksld1IyswAAAB' ]
2019-11-22 20:58:42,314 INFO 30404 [-/127.0.0.1/-/1ms GET /socket.io/?room=demo&unionid=a&EIO=3&transport=websocket] #join demo
2019-11-22 20:58:42,317 INFO 30404 [-/127.0.0.1/-/4ms GET /socket.io/?room=demo&unionid=a&EIO=3&transport=websocket] #online_join [ '/drink#TTtB_C8ThMgsHGy9AAAC' ]
2019-11-22 21:00:59,615 INFO 30404 [-/127.0.0.1/-/0ms GET /socket.io/?room=demo&unionid=a&EIO=3&transport=websocket] #join demo
2019-11-22 21:00:59,620 INFO 30404 [-/127.0.0.1/-/5ms GET /socket.io/?room=demo&unionid=a&EIO=3&transport=websocket] #online_join [ '/drink#dLUj8yoRT7PxmWSLAAAD' ]
2019-11-22 21:01:14,714 INFO 30404 [-/127.0.0.1/-/1ms GET /socket.io/?room=demo&unionid=b&EIO=3&transport=websocket] #join demo
2019-11-22 21:01:14,719 INFO 30404 [-/127.0.0.1/-/6ms GET /socket.io/?room=demo&unionid=b&EIO=3&transport=websocket] #online_join [ '/drink#dLUj8yoRT7PxmWSLAAAD', '/drink#7ejMoPwuDTRNp-4bAAAE' ]
2019-11-22 21:04:22,410 ERROR 30713 [-/127.0.0.1/-/0ms GET /] nodejs.TypeError: Cannot read property 'on' of null
    at AppBootHook.serverDidReady (/home/apple/projects/frontend/eggdemo/app.js:103:21)
    at Object.callFn (/home/apple/projects/frontend/eggdemo/node_modules/egg-core/lib/utils/index.js:44:21)
    at /home/apple/projects/frontend/eggdemo/node_modules/egg-core/lib/lifecycle.js:204:23
    at processTicksAndRejections (internal/process/task_queues.js:93:5)

pid: 30713
hostname: apple

2019-11-22 21:04:22,766 INFO 30701 [-/127.0.0.1/-/11ms GET /socket.io/?room=demo&unionid=a&EIO=3&transport=websocket] #join demo
2019-11-22 21:04:22,775 INFO 30701 [-/127.0.0.1/-/17ms GET /socket.io/?room=demo&unionid=a&EIO=3&transport=websocket] #online_join [ '/drink#wcvm3PrsghOY08k3AAAA' ]
2019-11-22 21:04:22,464 ERROR 30712 [-/127.0.0.1/-/0ms GET /] nodejs.TypeError: Cannot read property 'on' of null
    at AppBootHook.serverDidReady (/home/apple/projects/frontend/eggdemo/app.js:103:21)
    at Object.callFn (/home/apple/projects/frontend/eggdemo/node_modules/egg-core/lib/utils/index.js:44:21)
    at /home/apple/projects/frontend/eggdemo/node_modules/egg-core/lib/lifecycle.js:204:23
    at processTicksAndRejections (internal/process/task_queues.js:93:5)

pid: 30712
hostname: apple

2019-11-22 21:04:22,437 ERROR 30699 [-/127.0.0.1/-/0ms GET /] nodejs.TypeError: Cannot read property 'on' of null
    at AppBootHook.serverDidReady (/home/apple/projects/frontend/eggdemo/app.js:103:21)
    at Object.callFn (/home/apple/projects/frontend/eggdemo/node_modules/egg-core/lib/utils/index.js:44:21)
    at /home/apple/projects/frontend/eggdemo/node_modules/egg-core/lib/lifecycle.js:204:23
    at processTicksAndRejections (internal/process/task_queues.js:93:5)

pid: 30699
hostname: apple

2019-11-22 21:04:23,722 INFO 30701 [-/127.0.0.1/-/2ms GET /socket.io/?room=demo&unionid=b&EIO=3&transport=websocket] #join demo
2019-11-22 21:04:23,727 INFO 30701 [-/127.0.0.1/-/6ms GET /socket.io/?room=demo&unionid=b&EIO=3&transport=websocket] #online_join [ '/drink#wcvm3PrsghOY08k3AAAA', '/drink#OB4Vu-qpAP1ekkREAAAB' ]
2019-11-22 21:07:39,753 INFO 30929 [-/127.0.0.1/-/5ms GET /socket.io/?room=demo&unionid=b&EIO=3&transport=websocket] #join demo
2019-11-22 21:07:39,756 INFO 30929 [-/127.0.0.1/-/7ms GET /socket.io/?room=demo&unionid=b&EIO=3&transport=websocket] #online_join [ '/drink#UjKme8S7BERfbs2pAAAA' ]
2019-11-22 21:07:41,725 INFO 30929 [-/127.0.0.1/-/0ms GET /socket.io/?room=demo&unionid=a&EIO=3&transport=websocket] #join demo
2019-11-22 21:07:41,732 INFO 30929 [-/127.0.0.1/-/7ms GET /socket.io/?room=demo&unionid=a&EIO=3&transport=websocket] #online_join [ '/drink#UjKme8S7BERfbs2pAAAA', '/drink#eXiErzbLZpjdWSACAAAB' ]
2019-11-22 21:10:36,978 ERROR 31317 [-/127.0.0.1/-/4ms GET /socket.io/?room=&unionid=&EIO=3&transport=websocket] null
2019-11-22 21:10:37,682 ERROR 31317 [-/127.0.0.1/-/7ms GET /socket.io/?room=&unionid=&EIO=3&transport=websocket] null
2019-11-22 21:10:38,568 ERROR 31317 [-/127.0.0.1/-/8ms GET /socket.io/?room=&unionid=&EIO=3&transport=websocket] null
2019-11-22 21:10:39,239 ERROR 31317 [-/127.0.0.1/-/7ms GET /socket.io/?room=&unionid=&EIO=3&transport=websocket] null
2019-11-22 21:10:40,405 ERROR 31317 [-/127.0.0.1/-/3ms GET /socket.io/?room=&unionid=&EIO=3&transport=websocket] null
2019-11-22 21:10:41,879 ERROR 31317 [-/127.0.0.1/-/4ms GET /socket.io/?room=&unionid=&EIO=3&transport=websocket] null
2019-11-22 21:10:42,986 ERROR 31317 [-/127.0.0.1/-/4ms GET /socket.io/?room=&unionid=&EIO=3&transport=websocket] null
2019-11-22 21:10:43,652 ERROR 31317 [-/127.0.0.1/-/4ms GET /socket.io/?room=&unionid=&EIO=3&transport=websocket] null
2019-11-22 21:10:44,324 ERROR 31317 [-/127.0.0.1/-/4ms GET /socket.io/?room=&unionid=&EIO=3&transport=websocket] null
2019-11-22 21:10:45,237 ERROR 31317 [-/127.0.0.1/-/4ms GET /socket.io/?room=&unionid=&EIO=3&transport=websocket] null
2019-11-22 21:10:58,183 INFO 31589 [-/127.0.0.1/-/1ms GET /socket.io/?room=demo&unionid=a&EIO=3&transport=websocket] #join demo
2019-11-22 21:10:58,187 INFO 31589 [-/127.0.0.1/-/3ms GET /socket.io/?room=demo&unionid=a&EIO=3&transport=websocket] #online_join [ '/drink#4wKGmiK46JsC66c8AAAA' ]
2019-11-22 21:11:46,243 INFO 31589 [-/127.0.0.1/-/1ms GET /socket.io/?room=demo&unionid=a&EIO=3&transport=websocket] #join demo
2019-11-22 21:11:46,245 INFO 31589 [-/127.0.0.1/-/2ms GET /socket.io/?room=demo&unionid=a&EIO=3&transport=websocket] #online_join [ '/drink#4wKGmiK46JsC66c8AAAA', '/drink#I81NNYxtUkDC9_IgAAAB' ]
2019-11-22 21:13:07,835 INFO 31745 [-/127.0.0.1/-/6ms GET /socket.io/?room=demo&unionid=a&EIO=3&transport=websocket] #join demo
2019-11-22 21:13:07,838 INFO 31745 [-/127.0.0.1/-/8ms GET /socket.io/?room=demo&unionid=a&EIO=3&transport=websocket] #online_join [ '/drink#MYSmQXKsDJrx737iAAAA' ]
2019-11-22 21:13:07,253 ERROR 31749 [-/127.0.0.1/-/0ms GET /] nodejs.TypeError: Cannot read property 'on' of null
    at AppBootHook.serverDidReady (/home/apple/projects/frontend/eggdemo/app.js:103:21)
    at Object.callFn (/home/apple/projects/frontend/eggdemo/node_modules/egg-core/lib/utils/index.js:44:21)
    at /home/apple/projects/frontend/eggdemo/node_modules/egg-core/lib/lifecycle.js:204:23
    at processTicksAndRejections (internal/process/task_queues.js:93:5)

pid: 31749
hostname: apple

2019-11-22 21:13:07,274 ERROR 31739 [-/127.0.0.1/-/1ms GET /] nodejs.TypeError: Cannot read property 'on' of null
    at AppBootHook.serverDidReady (/home/apple/projects/frontend/eggdemo/app.js:103:21)
    at Object.callFn (/home/apple/projects/frontend/eggdemo/node_modules/egg-core/lib/utils/index.js:44:21)
    at /home/apple/projects/frontend/eggdemo/node_modules/egg-core/lib/lifecycle.js:204:23
    at processTicksAndRejections (internal/process/task_queues.js:93:5)

pid: 31739
hostname: apple

2019-11-22 21:13:07,272 ERROR 31747 [-/127.0.0.1/-/0ms GET /] nodejs.TypeError: Cannot read property 'on' of null
    at AppBootHook.serverDidReady (/home/apple/projects/frontend/eggdemo/app.js:103:21)
    at Object.callFn (/home/apple/projects/frontend/eggdemo/node_modules/egg-core/lib/utils/index.js:44:21)
    at /home/apple/projects/frontend/eggdemo/node_modules/egg-core/lib/lifecycle.js:204:23
    at processTicksAndRejections (internal/process/task_queues.js:93:5)

pid: 31747
hostname: apple

